D:\SUBVERSION\NETLIB\DEPS\LOG4CPLUS\MSVC10\WIN32\BIN.DEBUG_UNICODE\LOG4CPLUSUD.C.PDB
D:\SUBVERSION\NETLIB\DEPS\LOG4CPLUS\MSVC10\WIN32\BIN.DEBUG_UNICODE\LOG4CPLUSUD.DLL
D:\Subversion\netlib\deps\log4cplus\msvc10\Win32\bin.Debug_Unicode\log4cplusUD.exp
D:\Subversion\netlib\deps\log4cplus\msvc10\Win32\bin.Debug_Unicode\log4cplusUD.lib
D:\SUBVERSION\NETLIB\DEPS\LOG4CPLUS\MSVC10\WIN32\BIN.DEBUG_UNICODE\LOG4CPLUSUD.PDB
D:\SUBVERSION\NETLIB\DEPS\LOG4CPLUS\MSVC10\WIN32\OBJ.LOG4CPLUS.DEBUG_UNICODE\APPENDER.OBJ
D:\SUBVERSION\NETLIB\DEPS\LOG4CPLUS\MSVC10\WIN32\OBJ.LOG4CPLUS.DEBUG_UNICODE\APPENDERATTACHABLEIMPL.OBJ
D:\SUBVERSION\NETLIB\DEPS\LOG4CPLUS\MSVC10\WIN32\OBJ.LOG4CPLUS.DEBUG_UNICODE\ASYNCAPPENDER.OBJ
D:\Subversion\netlib\deps\log4cplus\msvc10\Win32\obj.log4cplus.Debug_Unicode\cl.command.1.tlog
D:\Subversion\netlib\deps\log4cplus\msvc10\Win32\obj.log4cplus.Debug_Unicode\CL.read.1.tlog
D:\Subversion\netlib\deps\log4cplus\msvc10\Win32\obj.log4cplus.Debug_Unicode\CL.write.1.tlog
D:\SUBVERSION\NETLIB\DEPS\LOG4CPLUS\MSVC10\WIN32\OBJ.LOG4CPLUS.DEBUG_UNICODE\CLOGGER.OBJ
D:\SUBVERSION\NETLIB\DEPS\LOG4CPLUS\MSVC10\WIN32\OBJ.LOG4CPLUS.DEBUG_UNICODE\CONFIGURATOR.OBJ
D:\SUBVERSION\NETLIB\DEPS\LOG4CPLUS\MSVC10\WIN32\OBJ.LOG4CPLUS.DEBUG_UNICODE\CONSOLEAPPENDER.OBJ
D:\SUBVERSION\NETLIB\DEPS\LOG4CPLUS\MSVC10\WIN32\OBJ.LOG4CPLUS.DEBUG_UNICODE\ENV.OBJ
D:\SUBVERSION\NETLIB\DEPS\LOG4CPLUS\MSVC10\WIN32\OBJ.LOG4CPLUS.DEBUG_UNICODE\FACTORY.OBJ
D:\SUBVERSION\NETLIB\DEPS\LOG4CPLUS\MSVC10\WIN32\OBJ.LOG4CPLUS.DEBUG_UNICODE\FILEAPPENDER.OBJ
D:\SUBVERSION\NETLIB\DEPS\LOG4CPLUS\MSVC10\WIN32\OBJ.LOG4CPLUS.DEBUG_UNICODE\FILEINFO.OBJ
D:\SUBVERSION\NETLIB\DEPS\LOG4CPLUS\MSVC10\WIN32\OBJ.LOG4CPLUS.DEBUG_UNICODE\FILTER.OBJ
D:\SUBVERSION\NETLIB\DEPS\LOG4CPLUS\MSVC10\WIN32\OBJ.LOG4CPLUS.DEBUG_UNICODE\GLOBAL-INIT.OBJ
D:\SUBVERSION\NETLIB\DEPS\LOG4CPLUS\MSVC10\WIN32\OBJ.LOG4CPLUS.DEBUG_UNICODE\HIERARCHY.OBJ
D:\SUBVERSION\NETLIB\DEPS\LOG4CPLUS\MSVC10\WIN32\OBJ.LOG4CPLUS.DEBUG_UNICODE\HIERARCHYLOCKER.OBJ
D:\SUBVERSION\NETLIB\DEPS\LOG4CPLUS\MSVC10\WIN32\OBJ.LOG4CPLUS.DEBUG_UNICODE\LAYOUT.OBJ
D:\Subversion\netlib\deps\log4cplus\msvc10\Win32\obj.log4cplus.Debug_Unicode\link.command.1.tlog
D:\Subversion\netlib\deps\log4cplus\msvc10\Win32\obj.log4cplus.Debug_Unicode\link.read.1.tlog
D:\Subversion\netlib\deps\log4cplus\msvc10\Win32\obj.log4cplus.Debug_Unicode\link.write.1.tlog
D:\Subversion\netlib\deps\log4cplus\msvc10\Win32\obj.log4cplus.Debug_Unicode\link-cvtres.read.1.tlog
D:\Subversion\netlib\deps\log4cplus\msvc10\Win32\obj.log4cplus.Debug_Unicode\link-cvtres.write.1.tlog
D:\SUBVERSION\NETLIB\DEPS\LOG4CPLUS\MSVC10\WIN32\OBJ.LOG4CPLUS.DEBUG_UNICODE\LOCKFILE.OBJ
D:\Subversion\netlib\deps\log4cplus\msvc10\Win32\obj.log4cplus.Debug_Unicode\log4cplus.write.1.tlog
D:\SUBVERSION\NETLIB\DEPS\LOG4CPLUS\MSVC10\WIN32\OBJ.LOG4CPLUS.DEBUG_UNICODE\LOG4CPLUSUD.DLL.EMBED.MANIFEST
D:\SUBVERSION\NETLIB\DEPS\LOG4CPLUS\MSVC10\WIN32\OBJ.LOG4CPLUS.DEBUG_UNICODE\LOG4CPLUSUD.DLL.EMBED.MANIFEST.RES
D:\SUBVERSION\NETLIB\DEPS\LOG4CPLUS\MSVC10\WIN32\OBJ.LOG4CPLUS.DEBUG_UNICODE\LOG4CPLUSUD.DLL.INTERMEDIATE.MANIFEST
D:\Subversion\netlib\deps\log4cplus\msvc10\Win32\obj.log4cplus.Debug_Unicode\log4cplusUD_manifest.rc
D:\SUBVERSION\NETLIB\DEPS\LOG4CPLUS\MSVC10\WIN32\OBJ.LOG4CPLUS.DEBUG_UNICODE\LOG4JUDPAPPENDER.OBJ
D:\SUBVERSION\NETLIB\DEPS\LOG4CPLUS\MSVC10\WIN32\OBJ.LOG4CPLUS.DEBUG_UNICODE\LOGGER.OBJ
D:\SUBVERSION\NETLIB\DEPS\LOG4CPLUS\MSVC10\WIN32\OBJ.LOG4CPLUS.DEBUG_UNICODE\LOGGERIMPL.OBJ
D:\SUBVERSION\NETLIB\DEPS\LOG4CPLUS\MSVC10\WIN32\OBJ.LOG4CPLUS.DEBUG_UNICODE\LOGGINGEVENT.OBJ
D:\SUBVERSION\NETLIB\DEPS\LOG4CPLUS\MSVC10\WIN32\OBJ.LOG4CPLUS.DEBUG_UNICODE\LOGGINGMACROS.OBJ
D:\SUBVERSION\NETLIB\DEPS\LOG4CPLUS\MSVC10\WIN32\OBJ.LOG4CPLUS.DEBUG_UNICODE\LOGLEVEL.OBJ
D:\SUBVERSION\NETLIB\DEPS\LOG4CPLUS\MSVC10\WIN32\OBJ.LOG4CPLUS.DEBUG_UNICODE\LOGLOG.OBJ
D:\SUBVERSION\NETLIB\DEPS\LOG4CPLUS\MSVC10\WIN32\OBJ.LOG4CPLUS.DEBUG_UNICODE\LOGLOGUSER.OBJ
D:\SUBVERSION\NETLIB\DEPS\LOG4CPLUS\MSVC10\WIN32\OBJ.LOG4CPLUS.DEBUG_UNICODE\MDC.OBJ
D:\Subversion\netlib\deps\log4cplus\msvc10\Win32\obj.log4cplus.Debug_Unicode\mt.command.1.tlog
D:\Subversion\netlib\deps\log4cplus\msvc10\Win32\obj.log4cplus.Debug_Unicode\mt.read.1.tlog
D:\Subversion\netlib\deps\log4cplus\msvc10\Win32\obj.log4cplus.Debug_Unicode\mt.write.1.tlog
D:\SUBVERSION\NETLIB\DEPS\LOG4CPLUS\MSVC10\WIN32\OBJ.LOG4CPLUS.DEBUG_UNICODE\NDC.OBJ
D:\SUBVERSION\NETLIB\DEPS\LOG4CPLUS\MSVC10\WIN32\OBJ.LOG4CPLUS.DEBUG_UNICODE\NTEVENTLOGAPPENDER.OBJ
D:\SUBVERSION\NETLIB\DEPS\LOG4CPLUS\MSVC10\WIN32\OBJ.LOG4CPLUS.DEBUG_UNICODE\NULLAPPENDER.OBJ
D:\SUBVERSION\NETLIB\DEPS\LOG4CPLUS\MSVC10\WIN32\OBJ.LOG4CPLUS.DEBUG_UNICODE\OBJECTREGISTRY.OBJ
D:\SUBVERSION\NETLIB\DEPS\LOG4CPLUS\MSVC10\WIN32\OBJ.LOG4CPLUS.DEBUG_UNICODE\PATTERNLAYOUT.OBJ
D:\SUBVERSION\NETLIB\DEPS\LOG4CPLUS\MSVC10\WIN32\OBJ.LOG4CPLUS.DEBUG_UNICODE\POINTER.OBJ
D:\SUBVERSION\NETLIB\DEPS\LOG4CPLUS\MSVC10\WIN32\OBJ.LOG4CPLUS.DEBUG_UNICODE\PROPERTY.OBJ
D:\SUBVERSION\NETLIB\DEPS\LOG4CPLUS\MSVC10\WIN32\OBJ.LOG4CPLUS.DEBUG_UNICODE\QUEUE.OBJ
D:\Subversion\netlib\deps\log4cplus\msvc10\Win32\obj.log4cplus.Debug_Unicode\rc.command.1.tlog
D:\Subversion\netlib\deps\log4cplus\msvc10\Win32\obj.log4cplus.Debug_Unicode\rc.read.1.tlog
D:\Subversion\netlib\deps\log4cplus\msvc10\Win32\obj.log4cplus.Debug_Unicode\rc.write.1.tlog
D:\SUBVERSION\NETLIB\DEPS\LOG4CPLUS\MSVC10\WIN32\OBJ.LOG4CPLUS.DEBUG_UNICODE\ROOTLOGGER.OBJ
D:\SUBVERSION\NETLIB\DEPS\LOG4CPLUS\MSVC10\WIN32\OBJ.LOG4CPLUS.DEBUG_UNICODE\SLEEP.OBJ
D:\SUBVERSION\NETLIB\DEPS\LOG4CPLUS\MSVC10\WIN32\OBJ.LOG4CPLUS.DEBUG_UNICODE\SNPRINTF.OBJ
D:\SUBVERSION\NETLIB\DEPS\LOG4CPLUS\MSVC10\WIN32\OBJ.LOG4CPLUS.DEBUG_UNICODE\SOCKET.OBJ
D:\SUBVERSION\NETLIB\DEPS\LOG4CPLUS\MSVC10\WIN32\OBJ.LOG4CPLUS.DEBUG_UNICODE\SOCKETAPPENDER.OBJ
D:\SUBVERSION\NETLIB\DEPS\LOG4CPLUS\MSVC10\WIN32\OBJ.LOG4CPLUS.DEBUG_UNICODE\SOCKETBUFFER.OBJ
D:\SUBVERSION\NETLIB\DEPS\LOG4CPLUS\MSVC10\WIN32\OBJ.LOG4CPLUS.DEBUG_UNICODE\SOCKET-WIN32.OBJ
D:\SUBVERSION\NETLIB\DEPS\LOG4CPLUS\MSVC10\WIN32\OBJ.LOG4CPLUS.DEBUG_UNICODE\STRINGHELPER.OBJ
D:\SUBVERSION\NETLIB\DEPS\LOG4CPLUS\MSVC10\WIN32\OBJ.LOG4CPLUS.DEBUG_UNICODE\STRINGHELPER-CLOCALE.OBJ
D:\SUBVERSION\NETLIB\DEPS\LOG4CPLUS\MSVC10\WIN32\OBJ.LOG4CPLUS.DEBUG_UNICODE\STRINGHELPER-CXXLOCALE.OBJ
D:\SUBVERSION\NETLIB\DEPS\LOG4CPLUS\MSVC10\WIN32\OBJ.LOG4CPLUS.DEBUG_UNICODE\STRINGHELPER-ICONV.OBJ
D:\SUBVERSION\NETLIB\DEPS\LOG4CPLUS\MSVC10\WIN32\OBJ.LOG4CPLUS.DEBUG_UNICODE\SYNCPRIMS.OBJ
D:\SUBVERSION\NETLIB\DEPS\LOG4CPLUS\MSVC10\WIN32\OBJ.LOG4CPLUS.DEBUG_UNICODE\SYSLOGAPPENDER.OBJ
D:\SUBVERSION\NETLIB\DEPS\LOG4CPLUS\MSVC10\WIN32\OBJ.LOG4CPLUS.DEBUG_UNICODE\THREADS.OBJ
D:\SUBVERSION\NETLIB\DEPS\LOG4CPLUS\MSVC10\WIN32\OBJ.LOG4CPLUS.DEBUG_UNICODE\TIMEHELPER.OBJ
D:\SUBVERSION\NETLIB\DEPS\LOG4CPLUS\MSVC10\WIN32\OBJ.LOG4CPLUS.DEBUG_UNICODE\TLS.OBJ
D:\SUBVERSION\NETLIB\DEPS\LOG4CPLUS\MSVC10\WIN32\OBJ.LOG4CPLUS.DEBUG_UNICODE\VERSION.OBJ
D:\SUBVERSION\NETLIB\DEPS\LOG4CPLUS\MSVC10\WIN32\OBJ.LOG4CPLUS.DEBUG_UNICODE\WIN32CONSOLEAPPENDER.OBJ
D:\SUBVERSION\NETLIB\DEPS\LOG4CPLUS\MSVC10\WIN32\OBJ.LOG4CPLUS.DEBUG_UNICODE\WIN32DEBUGAPPENDER.OBJ
