Build started 2014/7/23 22:49:05.
     1>Project "D:\Subversion\netlib\deps\gperftools-2.1\vsprojects\libtcmalloc_minimal\libtcmalloc_minimal.vcxproj" on node 2 (Build target(s)).
     1>InitializeBuildStatus:
         Creating "Release\libtcmalloc_minimal.unsuccessfulbuild" because "AlwaysCreate" was specified.
       ClCompile:
         All outputs are up-to-date.
         D:\Program Files (x86)\Microsoft Visual Studio 11.0\VC\bin\CL.exe /c /I..\..\src\windows /I..\..\src /Zi /nologo /W3 /WX- /O2 /Oy- /D WIN32 /D NDEBUG /D _WINDOWS /D _USRDLL /D LIBTCMALLOC_MINIMAL_EXPORTS /D _WINDLL /D _UNICODE /D UNICODE /Gm- /EHsc /MD /GS /fp:precise /Zc:wchar_t /Zc:forScope /Fo"Release\\" /Fd"Release\vc110.pdb" /Gd /TP /analyze- /errorReport:prompt ..\..\src\central_freelist.cc "..\..\src\heap-profile-table.cc" ..\..\src\symbolize.cc ..\..\src\windows\ia32_modrm_map.cc ..\..\src\windows\ia32_opcode_map.cc ..\..\src\common.cc ..\..\src\internal_logging.cc ..\..\src\base\logging.cc ..\..\src\base\low_level_alloc.cc ..\..\src\malloc_extension.cc ..\..\src\malloc_hook.cc ..\..\src\memory_region_map.cc ..\..\src\windows\mini_disassembler.cc ..\..\src\page_heap.cc ..\..\src\sampler.cc ..\..\src\windows\patch_functions.cc ..\..\src\windows\port.cc ..\..\src\windows\preamble_patcher.cc ..\..\src\windows\preamble_patcher_with_stub.cc ..\..\src\raw_printer.cc ..\..\src\span.cc ..\..\src\stacktrace.cc ..\..\src\stack_trace_table.cc ..\..\src\static_vars.cc ..\..\src\thread_cache.cc
         central_freelist.cc
         heap-profile-table.cc
     1>d:\subversion\netlib\deps\gperftools-2.1\src\heap-profile-table.h(230): warning C4800: 'const uintptr_t' : forcing value to bool 'true' or 'false' (performance warning)
         symbolize.cc
         ia32_modrm_map.cc
     1>..\..\src\windows\ia32_modrm_map.cc : warning C4819: The file contains a character that cannot be represented in the current code page (936). Save the file in Unicode format to prevent data loss
     1>d:\subversion\netlib\deps\gperftools-2.1\src\windows\mini_disassembler.h : warning C4819: The file contains a character that cannot be represented in the current code page (936). Save the file in Unicode format to prevent data loss
         ia32_opcode_map.cc
     1>..\..\src\windows\ia32_opcode_map.cc : warning C4819: The file contains a character that cannot be represented in the current code page (936). Save the file in Unicode format to prevent data loss
     1>d:\subversion\netlib\deps\gperftools-2.1\src\windows\mini_disassembler.h : warning C4819: The file contains a character that cannot be represented in the current code page (936). Save the file in Unicode format to prevent data loss
         common.cc
         internal_logging.cc
         logging.cc
         low_level_alloc.cc
         malloc_extension.cc
         malloc_hook.cc
         memory_region_map.cc
         mini_disassembler.cc
     1>d:\subversion\netlib\deps\gperftools-2.1\src\windows\mini_disassembler.h : warning C4819: The file contains a character that cannot be represented in the current code page (936). Save the file in Unicode format to prevent data loss
         page_heap.cc
         sampler.cc
         patch_functions.cc
         port.cc
         preamble_patcher.cc
     1>d:\subversion\netlib\deps\gperftools-2.1\src\windows\mini_disassembler.h : warning C4819: The file contains a character that cannot be represented in the current code page (936). Save the file in Unicode format to prevent data loss
         preamble_patcher_with_stub.cc
     1>d:\subversion\netlib\deps\gperftools-2.1\src\windows\mini_disassembler.h : warning C4819: The file contains a character that cannot be represented in the current code page (936). Save the file in Unicode format to prevent data loss
         raw_printer.cc
         Generating Code...
         Compiling...
         span.cc
         stacktrace.cc
         stack_trace_table.cc
         static_vars.cc
         thread_cache.cc
         Generating Code...
         All outputs are up-to-date.
         D:\Program Files (x86)\Microsoft Visual Studio 11.0\VC\bin\CL.exe /c /I..\..\src\windows /I..\..\src /Zi /nologo /W3 /WX- /O2 /Oy- /D WIN32 /D NDEBUG /D _WINDOWS /D _USRDLL /D LIBTCMALLOC_MINIMAL_EXPORTS /D _WINDLL /D _UNICODE /D UNICODE /Gm- /EHsc /MD /GS /fp:precise /Zc:wchar_t /Zc:forScope /Fo"Release\\" /Fd"Release\vc110.pdb" /Gd /TC /analyze- /errorReport:prompt ..\..\src\base\dynamic_annotations.c
         dynamic_annotations.c
         All outputs are up-to-date.
         D:\Program Files (x86)\Microsoft Visual Studio 11.0\VC\bin\CL.exe /c /I..\..\src\windows /I..\..\src /Zi /nologo /W3 /WX- /O2 /Oy- /D WIN32 /D NDEBUG /D _WINDOWS /D _USRDLL /D LIBTCMALLOC_MINIMAL_EXPORTS /D _WINDLL /D _UNICODE /D UNICODE /Gm- /EHsc /MD /GS /fp:precise /Zc:wchar_t /Zc:forScope /Fo"Release\\" /Fd"Release\vc110.pdb" /Gd /TP /analyze- /errorReport:prompt ..\..\src\base\spinlock.cc ..\..\src\base\spinlock_internal.cc ..\..\src\base\sysinfo.cc
         spinlock.cc
         spinlock_internal.cc
         sysinfo.cc
         Generating Code...
       Link:
         D:\Program Files (x86)\Microsoft Visual Studio 11.0\VC\bin\link.exe /ERRORREPORT:PROMPT /OUT:"D:\Subversion\netlib\deps\gperftools-2.1\Release\libtcmalloc_minimal.dll" /INCREMENTAL:NO /NOLOGO kernel32.lib user32.lib gdi32.lib winspool.lib comdlg32.lib advapi32.lib shell32.lib ole32.lib oleaut32.lib uuid.lib odbc32.lib odbccp32.lib /MANIFEST /MANIFESTUAC:"level='asInvoker' uiAccess='false'" /manifest:embed /DEBUG /PDB:"D:\Subversion\netlib\deps\gperftools-2.1\Release\libtcmalloc_minimal.pdb" /SUBSYSTEM:WINDOWS /OPT:REF /OPT:ICF /TLBID:1 /DYNAMICBASE /NXCOMPAT /IMPLIB:"D:\Subversion\netlib\deps\gperftools-2.1\Release\libtcmalloc_minimal.lib" /MACHINE:X86 /SAFESEH /DLL Release\central_freelist.obj
         Release\dynamic_annotations.obj
         "Release\heap-profile-table.obj"
         Release\symbolize.obj
         Release\ia32_modrm_map.obj
         Release\ia32_opcode_map.obj
         Release\common.obj
         Release\internal_logging.obj
         Release\logging.obj
         Release\low_level_alloc.obj
         Release\malloc_extension.obj
         Release\malloc_hook.obj
         Release\memory_region_map.obj
         Release\mini_disassembler.obj
         Release\page_heap.obj
         Release\sampler.obj
         Release\patch_functions.obj
         Release\port.obj
         Release\preamble_patcher.obj
         Release\preamble_patcher_with_stub.obj
         Release\raw_printer.obj
         Release\span.obj
         Release\stacktrace.obj
         Release\stack_trace_table.obj
         Release\static_vars.obj
         Release\spinlock.obj
         Release\spinlock_internal.obj
         Release\sysinfo.obj
         Release\thread_cache.obj
            Creating library D:\Subversion\netlib\deps\gperftools-2.1\Release\libtcmalloc_minimal.lib and object D:\Subversion\netlib\deps\gperftools-2.1\Release\libtcmalloc_minimal.exp
         libtcmalloc_minimal.vcxproj -> D:\Subversion\netlib\deps\gperftools-2.1\Release\libtcmalloc_minimal.dll
       FinalizeBuildStatus:
         Deleting file "Release\libtcmalloc_minimal.unsuccessfulbuild".
         Touching "Release\libtcmalloc_minimal.lastbuildstate".
     1>Done Building Project "D:\Subversion\netlib\deps\gperftools-2.1\vsprojects\libtcmalloc_minimal\libtcmalloc_minimal.vcxproj" (Build target(s)).

Build succeeded.

Time Elapsed 00:00:30.47
