生成启动时间为 2014/8/27 0:45:23。
     1>项目“D:\Subversion\netlib\deps\glog\vsprojects\libglog_static\libglog_static.vcxproj”在节点 2 上(build 个目标)。
     1>InitializeBuildStatus:
         正在创建“Debug\libglog_static.unsuccessfulbuild”，因为已指定“AlwaysCreate”。
       ClCompile:
         D:\Program Files (x86)\Microsoft Visual Studio 10.0\VC\bin\x86_amd64\CL.exe /c /I..\..\src\windows /Zi /nologo /W3 /WX- /Od /D GOOGLE_GLOG_DLL_DECL= /D _MBCS /Gm- /EHsc /RTC1 /MDd /GS /fp:precise /Zc:wchar_t /Zc:forScope /Fo"Debug\\" /Fd"Debug\vc100.pdb" /Gd /TP /errorReport:prompt ..\..\src\logging.cc
         logging.cc
     1>..\..\src\logging.cc(586): warning C4267: “初始化”: 从“size_t”转换到“int”，可能丢失数据
     1>..\..\src\logging.cc(719): warning C4267: “参数”: 从“size_t”转换到“int”，可能丢失数据
     1>..\..\src\logging.cc(744): warning C4267: “初始化”: 从“size_t”转换到“int”，可能丢失数据
     1>..\..\src\logging.cc(754): warning C4267: “初始化”: 从“size_t”转换到“int”，可能丢失数据
     1>..\..\src\logging.cc(1033): warning C4267: “初始化”: 从“size_t”转换到“const int”，可能丢失数据
     1>..\..\src\logging.cc(1314): warning C4267: “初始化”: 从“size_t”转换到“const int”，可能丢失数据
     1>..\..\src\logging.cc(1387): warning C4267: “参数”: 从“size_t”转换到“const int”，可能丢失数据
     1>..\..\src\logging.cc(1409): warning C4267: “参数”: 从“size_t”转换到“unsigned int”，可能丢失数据
     1>..\..\src\logging.cc(1487): warning C4267: “初始化”: 从“size_t”转换到“int”，可能丢失数据
     1>..\..\src\logging.cc(1500): warning C4267: “初始化”: 从“size_t”转换到“int”，可能丢失数据
       Lib:
         D:\Program Files (x86)\Microsoft Visual Studio 10.0\VC\bin\x86_amd64\Lib.exe /OUT:"D:\Subversion\netlib\deps\glog\Debug\libglog_static.lib" /NOLOGO Debug\logging.obj
         Debug\port.obj
         Debug\raw_logging.obj
         Debug\utilities.obj
         Debug\vlog_is_on.obj
         libglog_static.vcxproj -> D:\Subversion\netlib\deps\glog\Debug\libglog_static.lib
       FinalizeBuildStatus:
         正在删除文件“Debug\libglog_static.unsuccessfulbuild”。
         正在对“Debug\libglog_static.lastbuildstate”执行 Touch 任务。
     1>已完成生成项目“D:\Subversion\netlib\deps\glog\vsprojects\libglog_static\libglog_static.vcxproj”(build 个目标)的操作。

生成成功。

已用时间 00:00:01.70
