Build started 2014/7/23 22:50:03.
     1>Project "D:\Subversion\netlib\deps\gperftools-2.1\vsprojects\libtcmalloc_minimal\libtcmalloc_minimal.vcxproj" on node 2 (Build target(s)).
     1>InitializeBuildStatus:
         Creating "Debug\libtcmalloc_minimal.unsuccessfulbuild" because "AlwaysCreate" was specified.
       ClCompile:
         All outputs are up-to-date.
         D:\Program Files (x86)\Microsoft Visual Studio 11.0\VC\bin\CL.exe /c /I..\..\src\windows /I..\..\src /ZI /nologo /W3 /WX- /Od /Oy- /D WIN32 /D _DEBUG /D _WINDOWS /D _USRDLL /D LIBTCMALLOC_MINIMAL_EXPORTS /D _WINDLL /D _UNICODE /D UNICODE /Gm /EHsc /RTC1 /MDd /GS /fp:precise /Zc:wchar_t /Zc:forScope /Fo"Debug\\" /Fd"Debug\vc110.pdb" /Gd /TP /analyze- /errorReport:prompt ..\..\src\central_freelist.cc "..\..\src\heap-profile-table.cc" ..\..\src\symbolize.cc ..\..\src\windows\ia32_modrm_map.cc ..\..\src\windows\ia32_opcode_map.cc ..\..\src\common.cc ..\..\src\internal_logging.cc ..\..\src\base\logging.cc ..\..\src\base\low_level_alloc.cc ..\..\src\malloc_extension.cc ..\..\src\malloc_hook.cc ..\..\src\memory_region_map.cc ..\..\src\windows\mini_disassembler.cc ..\..\src\page_heap.cc ..\..\src\sampler.cc ..\..\src\windows\patch_functions.cc ..\..\src\windows\port.cc ..\..\src\windows\preamble_patcher.cc ..\..\src\windows\preamble_patcher_with_stub.cc ..\..\src\raw_printer.cc ..\..\src\span.cc ..\..\src\stacktrace.cc ..\..\src\stack_trace_table.cc ..\..\src\static_vars.cc ..\..\src\thread_cache.cc
         thread_cache.cc
         static_vars.cc
         stack_trace_table.cc
         stacktrace.cc
         span.cc
         raw_printer.cc
         preamble_patcher_with_stub.cc
     1>d:\subversion\netlib\deps\gperftools-2.1\src\windows\mini_disassembler.h : warning C4819: The file contains a character that cannot be represented in the current code page (936). Save the file in Unicode format to prevent data loss
         preamble_patcher.cc
     1>d:\subversion\netlib\deps\gperftools-2.1\src\windows\mini_disassembler.h : warning C4819: The file contains a character that cannot be represented in the current code page (936). Save the file in Unicode format to prevent data loss
         port.cc
         patch_functions.cc
         sampler.cc
         page_heap.cc
         mini_disassembler.cc
     1>d:\subversion\netlib\deps\gperftools-2.1\src\windows\mini_disassembler.h : warning C4819: The file contains a character that cannot be represented in the current code page (936). Save the file in Unicode format to prevent data loss
         memory_region_map.cc
         malloc_hook.cc
         malloc_extension.cc
         low_level_alloc.cc
         logging.cc
         internal_logging.cc
         common.cc
         Generating Code...
         Compiling...
         ia32_opcode_map.cc
     1>d:\subversion\netlib\deps\gperftools-2.1\src\windows\ia32_opcode_map.cc : warning C4819: The file contains a character that cannot be represented in the current code page (936). Save the file in Unicode format to prevent data loss
     1>d:\subversion\netlib\deps\gperftools-2.1\src\windows\mini_disassembler.h : warning C4819: The file contains a character that cannot be represented in the current code page (936). Save the file in Unicode format to prevent data loss
         ia32_modrm_map.cc
     1>d:\subversion\netlib\deps\gperftools-2.1\src\windows\ia32_modrm_map.cc : warning C4819: The file contains a character that cannot be represented in the current code page (936). Save the file in Unicode format to prevent data loss
     1>d:\subversion\netlib\deps\gperftools-2.1\src\windows\mini_disassembler.h : warning C4819: The file contains a character that cannot be represented in the current code page (936). Save the file in Unicode format to prevent data loss
         symbolize.cc
         heap-profile-table.cc
     1>d:\subversion\netlib\deps\gperftools-2.1\src\heap-profile-table.h(230): warning C4800: 'const uintptr_t' : forcing value to bool 'true' or 'false' (performance warning)
         central_freelist.cc
         Generating Code...
         All outputs are up-to-date.
         D:\Program Files (x86)\Microsoft Visual Studio 11.0\VC\bin\CL.exe /c /I..\..\src\windows /I..\..\src /ZI /nologo /W3 /WX- /Od /Oy- /D WIN32 /D _DEBUG /D _WINDOWS /D _USRDLL /D LIBTCMALLOC_MINIMAL_EXPORTS /D _WINDLL /D _UNICODE /D UNICODE /Gm /EHsc /RTC1 /MDd /GS /fp:precise /Zc:wchar_t /Zc:forScope /Fo"Debug\\" /Fd"Debug\vc110.pdb" /Gd /TC /analyze- /errorReport:prompt ..\..\src\base\dynamic_annotations.c
         dynamic_annotations.c
         All outputs are up-to-date.
         D:\Program Files (x86)\Microsoft Visual Studio 11.0\VC\bin\CL.exe /c /I..\..\src\windows /I..\..\src /ZI /nologo /W3 /WX- /Od /Oy- /D WIN32 /D _DEBUG /D _WINDOWS /D _USRDLL /D LIBTCMALLOC_MINIMAL_EXPORTS /D _WINDLL /D _UNICODE /D UNICODE /Gm /EHsc /RTC1 /MDd /GS /fp:precise /Zc:wchar_t /Zc:forScope /Fo"Debug\\" /Fd"Debug\vc110.pdb" /Gd /TP /analyze- /errorReport:prompt ..\..\src\base\spinlock.cc ..\..\src\base\spinlock_internal.cc ..\..\src\base\sysinfo.cc
         sysinfo.cc
         spinlock_internal.cc
         spinlock.cc
         Generating Code...
     1>C:\Program Files (x86)\MSBuild\Microsoft.Cpp\v4.0\V110\Microsoft.CppBuild.targets(1137,5): warning MSB8012: TargetPath(D:\Subversion\netlib\deps\gperftools-2.1\Debug\libtcmalloc_minimal.dll) does not match the Linker's OutputFile property value (D:\Subversion\netlib\deps\gperftools-2.1\Debug\libtcmalloc_minimal-debug.dll). This may cause your project to build incorrectly. To correct this, please make sure that $(OutDir), $(TargetName) and $(TargetExt) property values match the value specified in %(Link.OutputFile).
     1>C:\Program Files (x86)\MSBuild\Microsoft.Cpp\v4.0\V110\Microsoft.CppBuild.targets(1139,5): warning MSB8012: TargetName(libtcmalloc_minimal) does not match the Linker's OutputFile property value (libtcmalloc_minimal-debug). This may cause your project to build incorrectly. To correct this, please make sure that $(OutDir), $(TargetName) and $(TargetExt) property values match the value specified in %(Link.OutputFile).
       Link:
         D:\Program Files (x86)\Microsoft Visual Studio 11.0\VC\bin\link.exe /ERRORREPORT:PROMPT /OUT:"D:\Subversion\netlib\deps\gperftools-2.1\Debug\libtcmalloc_minimal-debug.dll" /INCREMENTAL /NOLOGO kernel32.lib user32.lib gdi32.lib winspool.lib comdlg32.lib advapi32.lib shell32.lib ole32.lib oleaut32.lib uuid.lib odbc32.lib odbccp32.lib /MANIFEST /MANIFESTUAC:"level='asInvoker' uiAccess='false'" /manifest:embed /DEBUG /PDB:"D:\Subversion\netlib\deps\gperftools-2.1\Debug\libtcmalloc_minimal.pdb" /SUBSYSTEM:WINDOWS /TLBID:1 /DYNAMICBASE /NXCOMPAT /IMPLIB:"D:\Subversion\netlib\deps\gperftools-2.1\Debug\libtcmalloc_minimal-debug.lib" /MACHINE:X86 /SAFESEH /DLL Debug\central_freelist.obj
         Debug\dynamic_annotations.obj
         "Debug\heap-profile-table.obj"
         Debug\symbolize.obj
         Debug\ia32_modrm_map.obj
         Debug\ia32_opcode_map.obj
         Debug\common.obj
         Debug\internal_logging.obj
         Debug\logging.obj
         Debug\low_level_alloc.obj
         Debug\malloc_extension.obj
         Debug\malloc_hook.obj
         Debug\memory_region_map.obj
         Debug\mini_disassembler.obj
         Debug\page_heap.obj
         Debug\sampler.obj
         Debug\patch_functions.obj
         Debug\port.obj
         Debug\preamble_patcher.obj
         Debug\preamble_patcher_with_stub.obj
         Debug\raw_printer.obj
         Debug\span.obj
         Debug\stacktrace.obj
         Debug\stack_trace_table.obj
         Debug\static_vars.obj
         Debug\spinlock.obj
         Debug\spinlock_internal.obj
         Debug\sysinfo.obj
         Debug\thread_cache.obj
     1>central_freelist.obj : warning LNK4075: ignoring '/EDITANDCONTINUE' due to '/SAFESEH' specification
            Creating library D:\Subversion\netlib\deps\gperftools-2.1\Debug\libtcmalloc_minimal-debug.lib and object D:\Subversion\netlib\deps\gperftools-2.1\Debug\libtcmalloc_minimal-debug.exp
         libtcmalloc_minimal.vcxproj -> D:\Subversion\netlib\deps\gperftools-2.1\Debug\libtcmalloc_minimal.dll
       FinalizeBuildStatus:
         Deleting file "Debug\libtcmalloc_minimal.unsuccessfulbuild".
         Touching "Debug\libtcmalloc_minimal.lastbuildstate".
     1>Done Building Project "D:\Subversion\netlib\deps\gperftools-2.1\vsprojects\libtcmalloc_minimal\libtcmalloc_minimal.vcxproj" (Build target(s)).

Build succeeded.

Time Elapsed 00:00:33.46
