D:\DOWNLOADS\LOG4CPLUS-1.1.3-RC2\MSVC10\WIN32\BIN.DEBUG\LOG4CPLUSD.C.PDB
D:\DOWNLOADS\LOG4CPLUS-1.1.3-RC2\MSVC10\WIN32\BIN.DEBUG\LOG4CPLUSD.DLL
D:\Downloads\log4cplus-1.1.3-rc2\msvc10\Win32\bin.Debug\log4cplusD.exp
D:\Downloads\log4cplus-1.1.3-rc2\msvc10\Win32\bin.Debug\log4cplusD.lib
D:\DOWNLOADS\LOG4CPLUS-1.1.3-RC2\MSVC10\WIN32\BIN.DEBUG\LOG4CPLUSD.PDB
D:\DOWNLOADS\LOG4CPLUS-1.1.3-RC2\MSVC10\WIN32\OBJ.LOG4CPLUS.DEBUG\APPENDER.OBJ
D:\DOWNLOADS\LOG4CPLUS-1.1.3-RC2\MSVC10\WIN32\OBJ.LOG4CPLUS.DEBUG\APPENDERATTACHABLEIMPL.OBJ
D:\DOWNLOADS\LOG4CPLUS-1.1.3-RC2\MSVC10\WIN32\OBJ.LOG4CPLUS.DEBUG\ASYNCAPPENDER.OBJ
D:\DOWNLOADS\LOG4CPLUS-1.1.3-RC2\MSVC10\WIN32\OBJ.LOG4CPLUS.DEBUG\CLOGGER.OBJ
D:\DOWNLOADS\LOG4CPLUS-1.1.3-RC2\MSVC10\WIN32\OBJ.LOG4CPLUS.DEBUG\CONFIGURATOR.OBJ
D:\DOWNLOADS\LOG4CPLUS-1.1.3-RC2\MSVC10\WIN32\OBJ.LOG4CPLUS.DEBUG\CONSOLEAPPENDER.OBJ
D:\DOWNLOADS\LOG4CPLUS-1.1.3-RC2\MSVC10\WIN32\OBJ.LOG4CPLUS.DEBUG\ENV.OBJ
D:\DOWNLOADS\LOG4CPLUS-1.1.3-RC2\MSVC10\WIN32\OBJ.LOG4CPLUS.DEBUG\FACTORY.OBJ
D:\DOWNLOADS\LOG4CPLUS-1.1.3-RC2\MSVC10\WIN32\OBJ.LOG4CPLUS.DEBUG\FILEAPPENDER.OBJ
D:\DOWNLOADS\LOG4CPLUS-1.1.3-RC2\MSVC10\WIN32\OBJ.LOG4CPLUS.DEBUG\FILEINFO.OBJ
D:\DOWNLOADS\LOG4CPLUS-1.1.3-RC2\MSVC10\WIN32\OBJ.LOG4CPLUS.DEBUG\FILTER.OBJ
D:\DOWNLOADS\LOG4CPLUS-1.1.3-RC2\MSVC10\WIN32\OBJ.LOG4CPLUS.DEBUG\GLOBAL-INIT.OBJ
D:\DOWNLOADS\LOG4CPLUS-1.1.3-RC2\MSVC10\WIN32\OBJ.LOG4CPLUS.DEBUG\HIERARCHY.OBJ
D:\DOWNLOADS\LOG4CPLUS-1.1.3-RC2\MSVC10\WIN32\OBJ.LOG4CPLUS.DEBUG\HIERARCHYLOCKER.OBJ
D:\DOWNLOADS\LOG4CPLUS-1.1.3-RC2\MSVC10\WIN32\OBJ.LOG4CPLUS.DEBUG\LAYOUT.OBJ
D:\DOWNLOADS\LOG4CPLUS-1.1.3-RC2\MSVC10\WIN32\OBJ.LOG4CPLUS.DEBUG\LOCKFILE.OBJ
D:\DOWNLOADS\LOG4CPLUS-1.1.3-RC2\MSVC10\WIN32\OBJ.LOG4CPLUS.DEBUG\LOG4CPLUSD.DLL.EMBED.MANIFEST
D:\DOWNLOADS\LOG4CPLUS-1.1.3-RC2\MSVC10\WIN32\OBJ.LOG4CPLUS.DEBUG\LOG4CPLUSD.DLL.EMBED.MANIFEST.RES
D:\DOWNLOADS\LOG4CPLUS-1.1.3-RC2\MSVC10\WIN32\OBJ.LOG4CPLUS.DEBUG\LOG4CPLUSD.DLL.INTERMEDIATE.MANIFEST
D:\DOWNLOADS\LOG4CPLUS-1.1.3-RC2\MSVC10\WIN32\OBJ.LOG4CPLUS.DEBUG\LOG4JUDPAPPENDER.OBJ
D:\DOWNLOADS\LOG4CPLUS-1.1.3-RC2\MSVC10\WIN32\OBJ.LOG4CPLUS.DEBUG\LOGGER.OBJ
D:\DOWNLOADS\LOG4CPLUS-1.1.3-RC2\MSVC10\WIN32\OBJ.LOG4CPLUS.DEBUG\LOGGERIMPL.OBJ
D:\DOWNLOADS\LOG4CPLUS-1.1.3-RC2\MSVC10\WIN32\OBJ.LOG4CPLUS.DEBUG\LOGGINGEVENT.OBJ
D:\DOWNLOADS\LOG4CPLUS-1.1.3-RC2\MSVC10\WIN32\OBJ.LOG4CPLUS.DEBUG\LOGGINGMACROS.OBJ
D:\DOWNLOADS\LOG4CPLUS-1.1.3-RC2\MSVC10\WIN32\OBJ.LOG4CPLUS.DEBUG\LOGLEVEL.OBJ
D:\DOWNLOADS\LOG4CPLUS-1.1.3-RC2\MSVC10\WIN32\OBJ.LOG4CPLUS.DEBUG\LOGLOG.OBJ
D:\DOWNLOADS\LOG4CPLUS-1.1.3-RC2\MSVC10\WIN32\OBJ.LOG4CPLUS.DEBUG\LOGLOGUSER.OBJ
D:\DOWNLOADS\LOG4CPLUS-1.1.3-RC2\MSVC10\WIN32\OBJ.LOG4CPLUS.DEBUG\MDC.OBJ
D:\DOWNLOADS\LOG4CPLUS-1.1.3-RC2\MSVC10\WIN32\OBJ.LOG4CPLUS.DEBUG\NDC.OBJ
D:\DOWNLOADS\LOG4CPLUS-1.1.3-RC2\MSVC10\WIN32\OBJ.LOG4CPLUS.DEBUG\NTEVENTLOGAPPENDER.OBJ
D:\DOWNLOADS\LOG4CPLUS-1.1.3-RC2\MSVC10\WIN32\OBJ.LOG4CPLUS.DEBUG\NULLAPPENDER.OBJ
D:\DOWNLOADS\LOG4CPLUS-1.1.3-RC2\MSVC10\WIN32\OBJ.LOG4CPLUS.DEBUG\OBJECTREGISTRY.OBJ
D:\DOWNLOADS\LOG4CPLUS-1.1.3-RC2\MSVC10\WIN32\OBJ.LOG4CPLUS.DEBUG\PATTERNLAYOUT.OBJ
D:\DOWNLOADS\LOG4CPLUS-1.1.3-RC2\MSVC10\WIN32\OBJ.LOG4CPLUS.DEBUG\POINTER.OBJ
D:\DOWNLOADS\LOG4CPLUS-1.1.3-RC2\MSVC10\WIN32\OBJ.LOG4CPLUS.DEBUG\PROPERTY.OBJ
D:\DOWNLOADS\LOG4CPLUS-1.1.3-RC2\MSVC10\WIN32\OBJ.LOG4CPLUS.DEBUG\QUEUE.OBJ
D:\DOWNLOADS\LOG4CPLUS-1.1.3-RC2\MSVC10\WIN32\OBJ.LOG4CPLUS.DEBUG\ROOTLOGGER.OBJ
D:\DOWNLOADS\LOG4CPLUS-1.1.3-RC2\MSVC10\WIN32\OBJ.LOG4CPLUS.DEBUG\SLEEP.OBJ
D:\DOWNLOADS\LOG4CPLUS-1.1.3-RC2\MSVC10\WIN32\OBJ.LOG4CPLUS.DEBUG\SNPRINTF.OBJ
D:\DOWNLOADS\LOG4CPLUS-1.1.3-RC2\MSVC10\WIN32\OBJ.LOG4CPLUS.DEBUG\SOCKET.OBJ
D:\DOWNLOADS\LOG4CPLUS-1.1.3-RC2\MSVC10\WIN32\OBJ.LOG4CPLUS.DEBUG\SOCKETAPPENDER.OBJ
D:\DOWNLOADS\LOG4CPLUS-1.1.3-RC2\MSVC10\WIN32\OBJ.LOG4CPLUS.DEBUG\SOCKETBUFFER.OBJ
D:\DOWNLOADS\LOG4CPLUS-1.1.3-RC2\MSVC10\WIN32\OBJ.LOG4CPLUS.DEBUG\SOCKET-WIN32.OBJ
D:\DOWNLOADS\LOG4CPLUS-1.1.3-RC2\MSVC10\WIN32\OBJ.LOG4CPLUS.DEBUG\STRINGHELPER.OBJ
D:\DOWNLOADS\LOG4CPLUS-1.1.3-RC2\MSVC10\WIN32\OBJ.LOG4CPLUS.DEBUG\STRINGHELPER-CLOCALE.OBJ
D:\DOWNLOADS\LOG4CPLUS-1.1.3-RC2\MSVC10\WIN32\OBJ.LOG4CPLUS.DEBUG\STRINGHELPER-CXXLOCALE.OBJ
D:\DOWNLOADS\LOG4CPLUS-1.1.3-RC2\MSVC10\WIN32\OBJ.LOG4CPLUS.DEBUG\STRINGHELPER-ICONV.OBJ
D:\DOWNLOADS\LOG4CPLUS-1.1.3-RC2\MSVC10\WIN32\OBJ.LOG4CPLUS.DEBUG\SYNCPRIMS.OBJ
D:\DOWNLOADS\LOG4CPLUS-1.1.3-RC2\MSVC10\WIN32\OBJ.LOG4CPLUS.DEBUG\SYSLOGAPPENDER.OBJ
D:\DOWNLOADS\LOG4CPLUS-1.1.3-RC2\MSVC10\WIN32\OBJ.LOG4CPLUS.DEBUG\THREADS.OBJ
D:\DOWNLOADS\LOG4CPLUS-1.1.3-RC2\MSVC10\WIN32\OBJ.LOG4CPLUS.DEBUG\TIMEHELPER.OBJ
D:\DOWNLOADS\LOG4CPLUS-1.1.3-RC2\MSVC10\WIN32\OBJ.LOG4CPLUS.DEBUG\TLS.OBJ
D:\DOWNLOADS\LOG4CPLUS-1.1.3-RC2\MSVC10\WIN32\OBJ.LOG4CPLUS.DEBUG\VERSION.OBJ
D:\DOWNLOADS\LOG4CPLUS-1.1.3-RC2\MSVC10\WIN32\OBJ.LOG4CPLUS.DEBUG\WIN32CONSOLEAPPENDER.OBJ
D:\DOWNLOADS\LOG4CPLUS-1.1.3-RC2\MSVC10\WIN32\OBJ.LOG4CPLUS.DEBUG\WIN32DEBUGAPPENDER.OBJ
D:\SUBVERSION\NETLIB\DEPS\LOG4CPLUS\MSVC10\WIN32\BIN.DEBUG\LOG4CPLUSD.C.PDB
D:\SUBVERSION\NETLIB\DEPS\LOG4CPLUS\MSVC10\WIN32\BIN.DEBUG\LOG4CPLUSD.DLL
D:\Subversion\netlib\deps\log4cplus\msvc10\Win32\bin.Debug\log4cplusD.exp
D:\Subversion\netlib\deps\log4cplus\msvc10\Win32\bin.Debug\log4cplusD.lib
D:\SUBVERSION\NETLIB\DEPS\LOG4CPLUS\MSVC10\WIN32\BIN.DEBUG\LOG4CPLUSD.PDB
D:\SUBVERSION\NETLIB\DEPS\LOG4CPLUS\MSVC10\WIN32\OBJ.LOG4CPLUS.DEBUG\APPENDER.OBJ
D:\SUBVERSION\NETLIB\DEPS\LOG4CPLUS\MSVC10\WIN32\OBJ.LOG4CPLUS.DEBUG\APPENDERATTACHABLEIMPL.OBJ
D:\SUBVERSION\NETLIB\DEPS\LOG4CPLUS\MSVC10\WIN32\OBJ.LOG4CPLUS.DEBUG\ASYNCAPPENDER.OBJ
D:\Subversion\netlib\deps\log4cplus\msvc10\Win32\obj.log4cplus.Debug\cl.command.1.tlog
D:\Subversion\netlib\deps\log4cplus\msvc10\Win32\obj.log4cplus.Debug\CL.read.1.tlog
D:\Subversion\netlib\deps\log4cplus\msvc10\Win32\obj.log4cplus.Debug\CL.write.1.tlog
D:\SUBVERSION\NETLIB\DEPS\LOG4CPLUS\MSVC10\WIN32\OBJ.LOG4CPLUS.DEBUG\CLOGGER.OBJ
D:\SUBVERSION\NETLIB\DEPS\LOG4CPLUS\MSVC10\WIN32\OBJ.LOG4CPLUS.DEBUG\CONFIGURATOR.OBJ
D:\SUBVERSION\NETLIB\DEPS\LOG4CPLUS\MSVC10\WIN32\OBJ.LOG4CPLUS.DEBUG\CONSOLEAPPENDER.OBJ
D:\SUBVERSION\NETLIB\DEPS\LOG4CPLUS\MSVC10\WIN32\OBJ.LOG4CPLUS.DEBUG\ENV.OBJ
D:\SUBVERSION\NETLIB\DEPS\LOG4CPLUS\MSVC10\WIN32\OBJ.LOG4CPLUS.DEBUG\FACTORY.OBJ
D:\SUBVERSION\NETLIB\DEPS\LOG4CPLUS\MSVC10\WIN32\OBJ.LOG4CPLUS.DEBUG\FILEAPPENDER.OBJ
D:\SUBVERSION\NETLIB\DEPS\LOG4CPLUS\MSVC10\WIN32\OBJ.LOG4CPLUS.DEBUG\FILEINFO.OBJ
D:\SUBVERSION\NETLIB\DEPS\LOG4CPLUS\MSVC10\WIN32\OBJ.LOG4CPLUS.DEBUG\FILTER.OBJ
D:\SUBVERSION\NETLIB\DEPS\LOG4CPLUS\MSVC10\WIN32\OBJ.LOG4CPLUS.DEBUG\GLOBAL-INIT.OBJ
D:\SUBVERSION\NETLIB\DEPS\LOG4CPLUS\MSVC10\WIN32\OBJ.LOG4CPLUS.DEBUG\HIERARCHY.OBJ
D:\SUBVERSION\NETLIB\DEPS\LOG4CPLUS\MSVC10\WIN32\OBJ.LOG4CPLUS.DEBUG\HIERARCHYLOCKER.OBJ
D:\SUBVERSION\NETLIB\DEPS\LOG4CPLUS\MSVC10\WIN32\OBJ.LOG4CPLUS.DEBUG\LAYOUT.OBJ
D:\Subversion\netlib\deps\log4cplus\msvc10\Win32\obj.log4cplus.Debug\link.command.1.tlog
D:\Subversion\netlib\deps\log4cplus\msvc10\Win32\obj.log4cplus.Debug\link.read.1.tlog
D:\Subversion\netlib\deps\log4cplus\msvc10\Win32\obj.log4cplus.Debug\link.write.1.tlog
D:\Subversion\netlib\deps\log4cplus\msvc10\Win32\obj.log4cplus.Debug\link-cvtres.read.1.tlog
D:\Subversion\netlib\deps\log4cplus\msvc10\Win32\obj.log4cplus.Debug\link-cvtres.write.1.tlog
D:\SUBVERSION\NETLIB\DEPS\LOG4CPLUS\MSVC10\WIN32\OBJ.LOG4CPLUS.DEBUG\LOCKFILE.OBJ
D:\Subversion\netlib\deps\log4cplus\msvc10\Win32\obj.log4cplus.Debug\log4cplus.vcxprojResolveAssemblyReference.cache
D:\Subversion\netlib\deps\log4cplus\msvc10\Win32\obj.log4cplus.Debug\log4cplus.write.1.tlog
D:\Subversion\netlib\deps\log4cplus\msvc10\Win32\obj.log4cplus.Debug\log4cplusD.dll.embed.manifest
D:\SUBVERSION\NETLIB\DEPS\LOG4CPLUS\MSVC10\WIN32\OBJ.LOG4CPLUS.DEBUG\LOG4CPLUSD.DLL.EMBED.MANIFEST.RES
D:\SUBVERSION\NETLIB\DEPS\LOG4CPLUS\MSVC10\WIN32\OBJ.LOG4CPLUS.DEBUG\LOG4CPLUSD.DLL.INTERMEDIATE.MANIFEST
D:\Subversion\netlib\deps\log4cplus\msvc10\Win32\obj.log4cplus.Debug\log4cplusD_manifest.rc
D:\SUBVERSION\NETLIB\DEPS\LOG4CPLUS\MSVC10\WIN32\OBJ.LOG4CPLUS.DEBUG\LOG4JUDPAPPENDER.OBJ
D:\SUBVERSION\NETLIB\DEPS\LOG4CPLUS\MSVC10\WIN32\OBJ.LOG4CPLUS.DEBUG\LOGGER.OBJ
D:\SUBVERSION\NETLIB\DEPS\LOG4CPLUS\MSVC10\WIN32\OBJ.LOG4CPLUS.DEBUG\LOGGERIMPL.OBJ
D:\SUBVERSION\NETLIB\DEPS\LOG4CPLUS\MSVC10\WIN32\OBJ.LOG4CPLUS.DEBUG\LOGGINGEVENT.OBJ
D:\SUBVERSION\NETLIB\DEPS\LOG4CPLUS\MSVC10\WIN32\OBJ.LOG4CPLUS.DEBUG\LOGGINGMACROS.OBJ
D:\SUBVERSION\NETLIB\DEPS\LOG4CPLUS\MSVC10\WIN32\OBJ.LOG4CPLUS.DEBUG\LOGLEVEL.OBJ
D:\SUBVERSION\NETLIB\DEPS\LOG4CPLUS\MSVC10\WIN32\OBJ.LOG4CPLUS.DEBUG\LOGLOG.OBJ
D:\SUBVERSION\NETLIB\DEPS\LOG4CPLUS\MSVC10\WIN32\OBJ.LOG4CPLUS.DEBUG\LOGLOGUSER.OBJ
D:\SUBVERSION\NETLIB\DEPS\LOG4CPLUS\MSVC10\WIN32\OBJ.LOG4CPLUS.DEBUG\MDC.OBJ
D:\Subversion\netlib\deps\log4cplus\msvc10\Win32\obj.log4cplus.Debug\mt.command.1.tlog
D:\Subversion\netlib\deps\log4cplus\msvc10\Win32\obj.log4cplus.Debug\mt.read.1.tlog
D:\Subversion\netlib\deps\log4cplus\msvc10\Win32\obj.log4cplus.Debug\mt.write.1.tlog
D:\SUBVERSION\NETLIB\DEPS\LOG4CPLUS\MSVC10\WIN32\OBJ.LOG4CPLUS.DEBUG\NDC.OBJ
D:\SUBVERSION\NETLIB\DEPS\LOG4CPLUS\MSVC10\WIN32\OBJ.LOG4CPLUS.DEBUG\NTEVENTLOGAPPENDER.OBJ
D:\SUBVERSION\NETLIB\DEPS\LOG4CPLUS\MSVC10\WIN32\OBJ.LOG4CPLUS.DEBUG\NULLAPPENDER.OBJ
D:\SUBVERSION\NETLIB\DEPS\LOG4CPLUS\MSVC10\WIN32\OBJ.LOG4CPLUS.DEBUG\OBJECTREGISTRY.OBJ
D:\SUBVERSION\NETLIB\DEPS\LOG4CPLUS\MSVC10\WIN32\OBJ.LOG4CPLUS.DEBUG\PATTERNLAYOUT.OBJ
D:\SUBVERSION\NETLIB\DEPS\LOG4CPLUS\MSVC10\WIN32\OBJ.LOG4CPLUS.DEBUG\POINTER.OBJ
D:\SUBVERSION\NETLIB\DEPS\LOG4CPLUS\MSVC10\WIN32\OBJ.LOG4CPLUS.DEBUG\PROPERTY.OBJ
D:\SUBVERSION\NETLIB\DEPS\LOG4CPLUS\MSVC10\WIN32\OBJ.LOG4CPLUS.DEBUG\QUEUE.OBJ
D:\Subversion\netlib\deps\log4cplus\msvc10\Win32\obj.log4cplus.Debug\rc.command.1.tlog
D:\Subversion\netlib\deps\log4cplus\msvc10\Win32\obj.log4cplus.Debug\rc.read.1.tlog
D:\Subversion\netlib\deps\log4cplus\msvc10\Win32\obj.log4cplus.Debug\rc.write.1.tlog
D:\SUBVERSION\NETLIB\DEPS\LOG4CPLUS\MSVC10\WIN32\OBJ.LOG4CPLUS.DEBUG\ROOTLOGGER.OBJ
D:\SUBVERSION\NETLIB\DEPS\LOG4CPLUS\MSVC10\WIN32\OBJ.LOG4CPLUS.DEBUG\SLEEP.OBJ
D:\SUBVERSION\NETLIB\DEPS\LOG4CPLUS\MSVC10\WIN32\OBJ.LOG4CPLUS.DEBUG\SNPRINTF.OBJ
D:\SUBVERSION\NETLIB\DEPS\LOG4CPLUS\MSVC10\WIN32\OBJ.LOG4CPLUS.DEBUG\SOCKET.OBJ
D:\SUBVERSION\NETLIB\DEPS\LOG4CPLUS\MSVC10\WIN32\OBJ.LOG4CPLUS.DEBUG\SOCKETAPPENDER.OBJ
D:\SUBVERSION\NETLIB\DEPS\LOG4CPLUS\MSVC10\WIN32\OBJ.LOG4CPLUS.DEBUG\SOCKETBUFFER.OBJ
D:\SUBVERSION\NETLIB\DEPS\LOG4CPLUS\MSVC10\WIN32\OBJ.LOG4CPLUS.DEBUG\SOCKET-WIN32.OBJ
D:\SUBVERSION\NETLIB\DEPS\LOG4CPLUS\MSVC10\WIN32\OBJ.LOG4CPLUS.DEBUG\STRINGHELPER.OBJ
D:\SUBVERSION\NETLIB\DEPS\LOG4CPLUS\MSVC10\WIN32\OBJ.LOG4CPLUS.DEBUG\STRINGHELPER-CLOCALE.OBJ
D:\SUBVERSION\NETLIB\DEPS\LOG4CPLUS\MSVC10\WIN32\OBJ.LOG4CPLUS.DEBUG\STRINGHELPER-CXXLOCALE.OBJ
D:\SUBVERSION\NETLIB\DEPS\LOG4CPLUS\MSVC10\WIN32\OBJ.LOG4CPLUS.DEBUG\STRINGHELPER-ICONV.OBJ
D:\SUBVERSION\NETLIB\DEPS\LOG4CPLUS\MSVC10\WIN32\OBJ.LOG4CPLUS.DEBUG\SYNCPRIMS.OBJ
D:\SUBVERSION\NETLIB\DEPS\LOG4CPLUS\MSVC10\WIN32\OBJ.LOG4CPLUS.DEBUG\SYSLOGAPPENDER.OBJ
D:\SUBVERSION\NETLIB\DEPS\LOG4CPLUS\MSVC10\WIN32\OBJ.LOG4CPLUS.DEBUG\THREADS.OBJ
D:\SUBVERSION\NETLIB\DEPS\LOG4CPLUS\MSVC10\WIN32\OBJ.LOG4CPLUS.DEBUG\TIMEHELPER.OBJ
D:\SUBVERSION\NETLIB\DEPS\LOG4CPLUS\MSVC10\WIN32\OBJ.LOG4CPLUS.DEBUG\TLS.OBJ
D:\SUBVERSION\NETLIB\DEPS\LOG4CPLUS\MSVC10\WIN32\OBJ.LOG4CPLUS.DEBUG\VERSION.OBJ
D:\SUBVERSION\NETLIB\DEPS\LOG4CPLUS\MSVC10\WIN32\OBJ.LOG4CPLUS.DEBUG\WIN32CONSOLEAPPENDER.OBJ
D:\SUBVERSION\NETLIB\DEPS\LOG4CPLUS\MSVC10\WIN32\OBJ.LOG4CPLUS.DEBUG\WIN32DEBUGAPPENDER.OBJ
