生成启动时间为 2014/7/21 23:23:55。
     1>项目“D:\Subversion\netlib\deps\log4cplus\msvc10\log4cplus.vcxproj”在节点 2 上(rebuild 个目标)。
     1>_PrepareForClean:
         正在删除文件“D:\Subversion\netlib\deps\log4cplus\msvc10\Win32\obj.log4cplus.Debug\log4cplus.lastbuildstate”。
       InitializeBuildStatus:
         正在创建“D:\Subversion\netlib\deps\log4cplus\msvc10\Win32\obj.log4cplus.Debug\log4cplus.unsuccessfulbuild”，因为已指定“AlwaysCreate”。
       ClCompile:
         D:\Program Files (x86)\Microsoft Visual Studio 10.0\VC\bin\CL.exe /c /I..\include /Zi /nologo /W3 /WX- /Od /Oy- /D LOG4CPLUS_BUILD_DLL /D UNICODE /D _DEBUG /D DEBUG /D WIN32 /D _WIN32_WINNT=0x0501 /D WINVER=0x0501 /D INSIDE_LOG4CPLUS /D _SCL_SECURE_NO_DEPRECATE /D _CRT_SECURE_NO_DEPRECATE /D _CRT_SECURE_NO_WARNINGS /D _WINDLL /D _UNICODE /D UNICODE /Gm /EHsc /RTC1 /MDd /GS /Gy /fp:precise /Zc:wchar_t /Zc:forScope /Fo"D:\Subversion\netlib\deps\log4cplus\msvc10\Win32\obj.log4cplus.Debug\\" /Fd"D:\Subversion\netlib\deps\log4cplus\msvc10\Win32\bin.Debug\log4cplusD.c.pdb" /Gd /TP /analyze- /errorReport:prompt ..\src\appender.cxx ..\src\clogger.cxx ..\src\configurator.cxx ..\src\fileinfo.cxx "..\src\global-init.cxx" ..\src\hierarchy.cxx ..\src\hierarchylocker.cxx ..\src\layout.cxx ..\src\lockfile.cxx ..\src\log4judpappender.cxx ..\src\logger.cxx ..\src\loggingevent.cxx ..\src\loggingmacros.cxx ..\src\mdc.cxx ..\src\ndc.cxx ..\src\patternlayout.cxx ..\src\version.cxx ..\src\asyncappender.cxx ..\src\consoleappender.cxx ..\src\fileappender.cxx ..\src\nteventlogappender.cxx ..\src\nullappender.cxx ..\src\socketappender.cxx ..\src\syslogappender.cxx ..\src\win32consoleappender.cxx ..\src\win32debugappender.cxx ..\src\env.cxx ..\src\factory.cxx ..\src\filter.cxx ..\src\loggerimpl.cxx ..\src\loglevel.cxx ..\src\objectregistry.cxx ..\src\rootlogger.cxx ..\src\syncprims.cxx ..\src\threads.cxx ..\src\tls.cxx ..\src\appenderattachableimpl.cxx ..\src\loglog.cxx ..\src\logloguser.cxx ..\src\pointer.cxx ..\src\property.cxx ..\src\queue.cxx ..\src\sleep.cxx ..\src\snprintf.cxx "..\src\socket-win32.cxx" ..\src\socket.cxx ..\src\socketbuffer.cxx "..\src\stringhelper-clocale.cxx" "..\src\stringhelper-cxxlocale.cxx" "..\src\stringhelper-iconv.cxx" ..\src\stringhelper.cxx ..\src\timehelper.cxx
         timehelper.cxx
         stringhelper.cxx
         stringhelper-iconv.cxx
         stringhelper-cxxlocale.cxx
         stringhelper-clocale.cxx
         socketbuffer.cxx
         socket.cxx
         socket-win32.cxx
         snprintf.cxx
         sleep.cxx
         queue.cxx
         property.cxx
         pointer.cxx
         logloguser.cxx
         loglog.cxx
         appenderattachableimpl.cxx
         tls.cxx
         threads.cxx
         syncprims.cxx
         rootlogger.cxx
         正在生成代码...
         正在编译...
         objectregistry.cxx
         loglevel.cxx
         loggerimpl.cxx
         filter.cxx
         factory.cxx
         env.cxx
         win32debugappender.cxx
         win32consoleappender.cxx
         syslogappender.cxx
         socketappender.cxx
         nullappender.cxx
         nteventlogappender.cxx
         fileappender.cxx
         consoleappender.cxx
         asyncappender.cxx
         version.cxx
         patternlayout.cxx
         ndc.cxx
         mdc.cxx
         loggingmacros.cxx
         正在生成代码...
         正在编译...
         loggingevent.cxx
         logger.cxx
         log4judpappender.cxx
         lockfile.cxx
         layout.cxx
         hierarchylocker.cxx
         hierarchy.cxx
         global-init.cxx
         fileinfo.cxx
         configurator.cxx
         clogger.cxx
         appender.cxx
         正在生成代码...
       ManifestResourceCompile:
         C:\Program Files (x86)\Microsoft SDKs\Windows\v7.0A\bin\rc.exe /nologo /fo"D:\Subversion\netlib\deps\log4cplus\msvc10\Win32\obj.log4cplus.Debug\log4cplusD.dll.embed.manifest.res" D:\Subversion\netlib\deps\log4cplus\msvc10\Win32\obj.log4cplus.Debug\log4cplusD_manifest.rc 
       Link:
         D:\Program Files (x86)\Microsoft Visual Studio 10.0\VC\bin\link.exe /ERRORREPORT:PROMPT /OUT:"D:\Subversion\netlib\deps\log4cplus\msvc10\Win32\bin.Debug\log4cplusD.dll" /INCREMENTAL /NOLOGO ws2_32.lib kernel32.lib user32.lib gdi32.lib winspool.lib comdlg32.lib advapi32.lib shell32.lib ole32.lib oleaut32.lib uuid.lib odbc32.lib odbccp32.lib /MANIFEST /ManifestFile:"D:\Subversion\netlib\deps\log4cplus\msvc10\Win32\obj.log4cplus.Debug\log4cplusD.dll.intermediate.manifest" /MANIFESTUAC:"level='asInvoker' uiAccess='false'" /DEBUG /PDB:"D:\Subversion\netlib\deps\log4cplus\msvc10\Win32\bin.Debug\log4cplusD.pdb" /OPT:REF /OPT:NOICF /TLBID:1 /DYNAMICBASE /NXCOMPAT /IMPLIB:"D:\Subversion\netlib\deps\log4cplus\msvc10\Win32\bin.Debug\log4cplusD.lib" /MACHINE:X86 /DLL D:\Subversion\netlib\deps\log4cplus\msvc10\Win32\obj.log4cplus.Debug\log4cplusD.dll.embed.manifest.res
         D:\Subversion\netlib\deps\log4cplus\msvc10\Win32\obj.log4cplus.Debug\appender.obj
         D:\Subversion\netlib\deps\log4cplus\msvc10\Win32\obj.log4cplus.Debug\clogger.obj
         D:\Subversion\netlib\deps\log4cplus\msvc10\Win32\obj.log4cplus.Debug\configurator.obj
         D:\Subversion\netlib\deps\log4cplus\msvc10\Win32\obj.log4cplus.Debug\fileinfo.obj
         "D:\Subversion\netlib\deps\log4cplus\msvc10\Win32\obj.log4cplus.Debug\global-init.obj"
         D:\Subversion\netlib\deps\log4cplus\msvc10\Win32\obj.log4cplus.Debug\hierarchy.obj
         D:\Subversion\netlib\deps\log4cplus\msvc10\Win32\obj.log4cplus.Debug\hierarchylocker.obj
         D:\Subversion\netlib\deps\log4cplus\msvc10\Win32\obj.log4cplus.Debug\layout.obj
         D:\Subversion\netlib\deps\log4cplus\msvc10\Win32\obj.log4cplus.Debug\lockfile.obj
         D:\Subversion\netlib\deps\log4cplus\msvc10\Win32\obj.log4cplus.Debug\log4judpappender.obj
         D:\Subversion\netlib\deps\log4cplus\msvc10\Win32\obj.log4cplus.Debug\logger.obj
         D:\Subversion\netlib\deps\log4cplus\msvc10\Win32\obj.log4cplus.Debug\loggingevent.obj
         D:\Subversion\netlib\deps\log4cplus\msvc10\Win32\obj.log4cplus.Debug\loggingmacros.obj
         D:\Subversion\netlib\deps\log4cplus\msvc10\Win32\obj.log4cplus.Debug\mdc.obj
         D:\Subversion\netlib\deps\log4cplus\msvc10\Win32\obj.log4cplus.Debug\ndc.obj
         D:\Subversion\netlib\deps\log4cplus\msvc10\Win32\obj.log4cplus.Debug\patternlayout.obj
         D:\Subversion\netlib\deps\log4cplus\msvc10\Win32\obj.log4cplus.Debug\version.obj
         D:\Subversion\netlib\deps\log4cplus\msvc10\Win32\obj.log4cplus.Debug\asyncappender.obj
         D:\Subversion\netlib\deps\log4cplus\msvc10\Win32\obj.log4cplus.Debug\consoleappender.obj
         D:\Subversion\netlib\deps\log4cplus\msvc10\Win32\obj.log4cplus.Debug\fileappender.obj
         D:\Subversion\netlib\deps\log4cplus\msvc10\Win32\obj.log4cplus.Debug\nteventlogappender.obj
         D:\Subversion\netlib\deps\log4cplus\msvc10\Win32\obj.log4cplus.Debug\nullappender.obj
         D:\Subversion\netlib\deps\log4cplus\msvc10\Win32\obj.log4cplus.Debug\socketappender.obj
         D:\Subversion\netlib\deps\log4cplus\msvc10\Win32\obj.log4cplus.Debug\syslogappender.obj
         D:\Subversion\netlib\deps\log4cplus\msvc10\Win32\obj.log4cplus.Debug\win32consoleappender.obj
         D:\Subversion\netlib\deps\log4cplus\msvc10\Win32\obj.log4cplus.Debug\win32debugappender.obj
         D:\Subversion\netlib\deps\log4cplus\msvc10\Win32\obj.log4cplus.Debug\env.obj
         D:\Subversion\netlib\deps\log4cplus\msvc10\Win32\obj.log4cplus.Debug\factory.obj
         D:\Subversion\netlib\deps\log4cplus\msvc10\Win32\obj.log4cplus.Debug\filter.obj
         D:\Subversion\netlib\deps\log4cplus\msvc10\Win32\obj.log4cplus.Debug\loggerimpl.obj
         D:\Subversion\netlib\deps\log4cplus\msvc10\Win32\obj.log4cplus.Debug\loglevel.obj
         D:\Subversion\netlib\deps\log4cplus\msvc10\Win32\obj.log4cplus.Debug\objectregistry.obj
         D:\Subversion\netlib\deps\log4cplus\msvc10\Win32\obj.log4cplus.Debug\rootlogger.obj
         D:\Subversion\netlib\deps\log4cplus\msvc10\Win32\obj.log4cplus.Debug\syncprims.obj
         D:\Subversion\netlib\deps\log4cplus\msvc10\Win32\obj.log4cplus.Debug\threads.obj
         D:\Subversion\netlib\deps\log4cplus\msvc10\Win32\obj.log4cplus.Debug\tls.obj
         D:\Subversion\netlib\deps\log4cplus\msvc10\Win32\obj.log4cplus.Debug\appenderattachableimpl.obj
         D:\Subversion\netlib\deps\log4cplus\msvc10\Win32\obj.log4cplus.Debug\loglog.obj
         D:\Subversion\netlib\deps\log4cplus\msvc10\Win32\obj.log4cplus.Debug\logloguser.obj
         D:\Subversion\netlib\deps\log4cplus\msvc10\Win32\obj.log4cplus.Debug\pointer.obj
         D:\Subversion\netlib\deps\log4cplus\msvc10\Win32\obj.log4cplus.Debug\property.obj
         D:\Subversion\netlib\deps\log4cplus\msvc10\Win32\obj.log4cplus.Debug\queue.obj
         D:\Subversion\netlib\deps\log4cplus\msvc10\Win32\obj.log4cplus.Debug\sleep.obj
         D:\Subversion\netlib\deps\log4cplus\msvc10\Win32\obj.log4cplus.Debug\snprintf.obj
         "D:\Subversion\netlib\deps\log4cplus\msvc10\Win32\obj.log4cplus.Debug\socket-win32.obj"
         D:\Subversion\netlib\deps\log4cplus\msvc10\Win32\obj.log4cplus.Debug\socket.obj
         D:\Subversion\netlib\deps\log4cplus\msvc10\Win32\obj.log4cplus.Debug\socketbuffer.obj
         "D:\Subversion\netlib\deps\log4cplus\msvc10\Win32\obj.log4cplus.Debug\stringhelper-clocale.obj"
         "D:\Subversion\netlib\deps\log4cplus\msvc10\Win32\obj.log4cplus.Debug\stringhelper-cxxlocale.obj"
         "D:\Subversion\netlib\deps\log4cplus\msvc10\Win32\obj.log4cplus.Debug\stringhelper-iconv.obj"
         D:\Subversion\netlib\deps\log4cplus\msvc10\Win32\obj.log4cplus.Debug\stringhelper.obj
         D:\Subversion\netlib\deps\log4cplus\msvc10\Win32\obj.log4cplus.Debug\timehelper.obj
     1>LINK : warning LNK4075: 忽略“/INCREMENTAL”(由于“/OPT:REF”规范)
            正在创建库 D:\Subversion\netlib\deps\log4cplus\msvc10\Win32\bin.Debug\log4cplusD.lib 和对象 D:\Subversion\netlib\deps\log4cplus\msvc10\Win32\bin.Debug\log4cplusD.exp
       Manifest:
         正在删除文件“D:\Subversion\netlib\deps\log4cplus\msvc10\Win32\obj.log4cplus.Debug\log4cplusD.dll.embed.manifest”。
         C:\Program Files (x86)\Microsoft SDKs\Windows\v7.0A\bin\mt.exe /nologo /verbose /out:"D:\Subversion\netlib\deps\log4cplus\msvc10\Win32\obj.log4cplus.Debug\log4cplusD.dll.embed.manifest" /manifest D:\Subversion\netlib\deps\log4cplus\msvc10\Win32\obj.log4cplus.Debug\log4cplusD.dll.intermediate.manifest
         C:\Program Files (x86)\Microsoft SDKs\Windows\v7.0A\bin\rc.exe /nologo /fo"D:\Subversion\netlib\deps\log4cplus\msvc10\Win32\obj.log4cplus.Debug\log4cplusD.dll.embed.manifest.res" D:\Subversion\netlib\deps\log4cplus\msvc10\Win32\obj.log4cplus.Debug\log4cplusD_manifest.rc 
       LinkEmbedManifest:
         D:\Program Files (x86)\Microsoft Visual Studio 10.0\VC\bin\link.exe /ERRORREPORT:PROMPT /OUT:"D:\Subversion\netlib\deps\log4cplus\msvc10\Win32\bin.Debug\log4cplusD.dll" /INCREMENTAL /NOLOGO ws2_32.lib kernel32.lib user32.lib gdi32.lib winspool.lib comdlg32.lib advapi32.lib shell32.lib ole32.lib oleaut32.lib uuid.lib odbc32.lib odbccp32.lib /MANIFEST /ManifestFile:"D:\Subversion\netlib\deps\log4cplus\msvc10\Win32\obj.log4cplus.Debug\log4cplusD.dll.intermediate.manifest" /MANIFESTUAC:"level='asInvoker' uiAccess='false'" /DEBUG /PDB:"D:\Subversion\netlib\deps\log4cplus\msvc10\Win32\bin.Debug\log4cplusD.pdb" /OPT:REF /OPT:NOICF /TLBID:1 /DYNAMICBASE /NXCOMPAT /IMPLIB:"D:\Subversion\netlib\deps\log4cplus\msvc10\Win32\bin.Debug\log4cplusD.lib" /MACHINE:X86 /DLL D:\Subversion\netlib\deps\log4cplus\msvc10\Win32\obj.log4cplus.Debug\log4cplusD.dll.embed.manifest.res
         D:\Subversion\netlib\deps\log4cplus\msvc10\Win32\obj.log4cplus.Debug\appender.obj
         D:\Subversion\netlib\deps\log4cplus\msvc10\Win32\obj.log4cplus.Debug\clogger.obj
         D:\Subversion\netlib\deps\log4cplus\msvc10\Win32\obj.log4cplus.Debug\configurator.obj
         D:\Subversion\netlib\deps\log4cplus\msvc10\Win32\obj.log4cplus.Debug\fileinfo.obj
         "D:\Subversion\netlib\deps\log4cplus\msvc10\Win32\obj.log4cplus.Debug\global-init.obj"
         D:\Subversion\netlib\deps\log4cplus\msvc10\Win32\obj.log4cplus.Debug\hierarchy.obj
         D:\Subversion\netlib\deps\log4cplus\msvc10\Win32\obj.log4cplus.Debug\hierarchylocker.obj
         D:\Subversion\netlib\deps\log4cplus\msvc10\Win32\obj.log4cplus.Debug\layout.obj
         D:\Subversion\netlib\deps\log4cplus\msvc10\Win32\obj.log4cplus.Debug\lockfile.obj
         D:\Subversion\netlib\deps\log4cplus\msvc10\Win32\obj.log4cplus.Debug\log4judpappender.obj
         D:\Subversion\netlib\deps\log4cplus\msvc10\Win32\obj.log4cplus.Debug\logger.obj
         D:\Subversion\netlib\deps\log4cplus\msvc10\Win32\obj.log4cplus.Debug\loggingevent.obj
         D:\Subversion\netlib\deps\log4cplus\msvc10\Win32\obj.log4cplus.Debug\loggingmacros.obj
         D:\Subversion\netlib\deps\log4cplus\msvc10\Win32\obj.log4cplus.Debug\mdc.obj
         D:\Subversion\netlib\deps\log4cplus\msvc10\Win32\obj.log4cplus.Debug\ndc.obj
         D:\Subversion\netlib\deps\log4cplus\msvc10\Win32\obj.log4cplus.Debug\patternlayout.obj
         D:\Subversion\netlib\deps\log4cplus\msvc10\Win32\obj.log4cplus.Debug\version.obj
         D:\Subversion\netlib\deps\log4cplus\msvc10\Win32\obj.log4cplus.Debug\asyncappender.obj
         D:\Subversion\netlib\deps\log4cplus\msvc10\Win32\obj.log4cplus.Debug\consoleappender.obj
         D:\Subversion\netlib\deps\log4cplus\msvc10\Win32\obj.log4cplus.Debug\fileappender.obj
         D:\Subversion\netlib\deps\log4cplus\msvc10\Win32\obj.log4cplus.Debug\nteventlogappender.obj
         D:\Subversion\netlib\deps\log4cplus\msvc10\Win32\obj.log4cplus.Debug\nullappender.obj
         D:\Subversion\netlib\deps\log4cplus\msvc10\Win32\obj.log4cplus.Debug\socketappender.obj
         D:\Subversion\netlib\deps\log4cplus\msvc10\Win32\obj.log4cplus.Debug\syslogappender.obj
         D:\Subversion\netlib\deps\log4cplus\msvc10\Win32\obj.log4cplus.Debug\win32consoleappender.obj
         D:\Subversion\netlib\deps\log4cplus\msvc10\Win32\obj.log4cplus.Debug\win32debugappender.obj
         D:\Subversion\netlib\deps\log4cplus\msvc10\Win32\obj.log4cplus.Debug\env.obj
         D:\Subversion\netlib\deps\log4cplus\msvc10\Win32\obj.log4cplus.Debug\factory.obj
         D:\Subversion\netlib\deps\log4cplus\msvc10\Win32\obj.log4cplus.Debug\filter.obj
         D:\Subversion\netlib\deps\log4cplus\msvc10\Win32\obj.log4cplus.Debug\loggerimpl.obj
         D:\Subversion\netlib\deps\log4cplus\msvc10\Win32\obj.log4cplus.Debug\loglevel.obj
         D:\Subversion\netlib\deps\log4cplus\msvc10\Win32\obj.log4cplus.Debug\objectregistry.obj
         D:\Subversion\netlib\deps\log4cplus\msvc10\Win32\obj.log4cplus.Debug\rootlogger.obj
         D:\Subversion\netlib\deps\log4cplus\msvc10\Win32\obj.log4cplus.Debug\syncprims.obj
         D:\Subversion\netlib\deps\log4cplus\msvc10\Win32\obj.log4cplus.Debug\threads.obj
         D:\Subversion\netlib\deps\log4cplus\msvc10\Win32\obj.log4cplus.Debug\tls.obj
         D:\Subversion\netlib\deps\log4cplus\msvc10\Win32\obj.log4cplus.Debug\appenderattachableimpl.obj
         D:\Subversion\netlib\deps\log4cplus\msvc10\Win32\obj.log4cplus.Debug\loglog.obj
         D:\Subversion\netlib\deps\log4cplus\msvc10\Win32\obj.log4cplus.Debug\logloguser.obj
         D:\Subversion\netlib\deps\log4cplus\msvc10\Win32\obj.log4cplus.Debug\pointer.obj
         D:\Subversion\netlib\deps\log4cplus\msvc10\Win32\obj.log4cplus.Debug\property.obj
         D:\Subversion\netlib\deps\log4cplus\msvc10\Win32\obj.log4cplus.Debug\queue.obj
         D:\Subversion\netlib\deps\log4cplus\msvc10\Win32\obj.log4cplus.Debug\sleep.obj
         D:\Subversion\netlib\deps\log4cplus\msvc10\Win32\obj.log4cplus.Debug\snprintf.obj
         "D:\Subversion\netlib\deps\log4cplus\msvc10\Win32\obj.log4cplus.Debug\socket-win32.obj"
         D:\Subversion\netlib\deps\log4cplus\msvc10\Win32\obj.log4cplus.Debug\socket.obj
         D:\Subversion\netlib\deps\log4cplus\msvc10\Win32\obj.log4cplus.Debug\socketbuffer.obj
         "D:\Subversion\netlib\deps\log4cplus\msvc10\Win32\obj.log4cplus.Debug\stringhelper-clocale.obj"
         "D:\Subversion\netlib\deps\log4cplus\msvc10\Win32\obj.log4cplus.Debug\stringhelper-cxxlocale.obj"
         "D:\Subversion\netlib\deps\log4cplus\msvc10\Win32\obj.log4cplus.Debug\stringhelper-iconv.obj"
         D:\Subversion\netlib\deps\log4cplus\msvc10\Win32\obj.log4cplus.Debug\stringhelper.obj
         D:\Subversion\netlib\deps\log4cplus\msvc10\Win32\obj.log4cplus.Debug\timehelper.obj
     1>LINK : warning LNK4075: 忽略“/INCREMENTAL”(由于“/OPT:REF”规范)
            正在创建库 D:\Subversion\netlib\deps\log4cplus\msvc10\Win32\bin.Debug\log4cplusD.lib 和对象 D:\Subversion\netlib\deps\log4cplus\msvc10\Win32\bin.Debug\log4cplusD.exp
         log4cplus.vcxproj -> D:\Subversion\netlib\deps\log4cplus\msvc10\Win32\bin.Debug\log4cplusD.dll
       FinalizeBuildStatus:
         正在删除文件“D:\Subversion\netlib\deps\log4cplus\msvc10\Win32\obj.log4cplus.Debug\log4cplus.unsuccessfulbuild”。
         正在对“D:\Subversion\netlib\deps\log4cplus\msvc10\Win32\obj.log4cplus.Debug\log4cplus.lastbuildstate”执行 Touch 任务。
     1>已完成生成项目“D:\Subversion\netlib\deps\log4cplus\msvc10\log4cplus.vcxproj”(rebuild 个目标)的操作。

生成成功。

已用时间 00:00:49.54
