D:\SUBVERSION\BASICLIB.GIT\TRUNKS\DEPS\GLOG\DEBUG\LIBGLOG.DLL
D:\Subversion\BasicLib.git\trunks\deps\glog\Debug\libglog.exp
D:\SUBVERSION\BASICLIB.GIT\TRUNKS\DEPS\GLOG\DEBUG\LIBGLOG.ILK
D:\Subversion\BasicLib.git\trunks\deps\glog\Debug\libglog.lib
D:\SUBVERSION\BASICLIB.GIT\TRUNKS\DEPS\GLOG\DEBUG\LIBGLOG.PDB
D:\Subversion\BasicLib.git\trunks\deps\glog\vsprojects\libglog\Debug\cl.command.1.tlog
D:\Subversion\BasicLib.git\trunks\deps\glog\vsprojects\libglog\Debug\CL.read.1.tlog
D:\Subversion\BasicLib.git\trunks\deps\glog\vsprojects\libglog\Debug\CL.write.1.tlog
D:\Subversion\BasicLib.git\trunks\deps\glog\vsprojects\libglog\Debug\libglog.dll.embed.manifest
D:\SUBVERSION\BASICLIB.GIT\TRUNKS\DEPS\GLOG\VSPROJECTS\LIBGLOG\DEBUG\LIBGLOG.DLL.EMBED.MANIFEST.RES
D:\SUBVERSION\BASICLIB.GIT\TRUNKS\DEPS\GLOG\VSPROJECTS\LIBGLOG\DEBUG\LIBGLOG.DLL.INTERMEDIATE.MANIFEST
D:\Subversion\BasicLib.git\trunks\deps\glog\vsprojects\libglog\Debug\libglog.write.1.tlog
D:\Subversion\BasicLib.git\trunks\deps\glog\vsprojects\libglog\Debug\libglog_manifest.rc
D:\Subversion\BasicLib.git\trunks\deps\glog\vsprojects\libglog\Debug\link.192.read.1.tlog
D:\Subversion\BasicLib.git\trunks\deps\glog\vsprojects\libglog\Debug\link.192.write.1.tlog
D:\Subversion\BasicLib.git\trunks\deps\glog\vsprojects\libglog\Debug\link.192-cvtres.read.1.tlog
D:\Subversion\BasicLib.git\trunks\deps\glog\vsprojects\libglog\Debug\link.192-cvtres.write.1.tlog
D:\Subversion\BasicLib.git\trunks\deps\glog\vsprojects\libglog\Debug\link.7972.read.1.tlog
D:\Subversion\BasicLib.git\trunks\deps\glog\vsprojects\libglog\Debug\link.7972.write.1.tlog
D:\Subversion\BasicLib.git\trunks\deps\glog\vsprojects\libglog\Debug\link.7972-cvtres.read.1.tlog
D:\Subversion\BasicLib.git\trunks\deps\glog\vsprojects\libglog\Debug\link.7972-cvtres.write.1.tlog
D:\Subversion\BasicLib.git\trunks\deps\glog\vsprojects\libglog\Debug\link.command.1.tlog
D:\Subversion\BasicLib.git\trunks\deps\glog\vsprojects\libglog\Debug\link.read.1.tlog
D:\Subversion\BasicLib.git\trunks\deps\glog\vsprojects\libglog\Debug\link.write.1.tlog
D:\Subversion\BasicLib.git\trunks\deps\glog\vsprojects\libglog\Debug\link-cvtres.read.1.tlog
D:\Subversion\BasicLib.git\trunks\deps\glog\vsprojects\libglog\Debug\link-cvtres.write.1.tlog
D:\SUBVERSION\BASICLIB.GIT\TRUNKS\DEPS\GLOG\VSPROJECTS\LIBGLOG\DEBUG\LOGGING.OBJ
D:\Subversion\BasicLib.git\trunks\deps\glog\vsprojects\libglog\Debug\mt.command.1.tlog
D:\Subversion\BasicLib.git\trunks\deps\glog\vsprojects\libglog\Debug\mt.read.1.tlog
D:\Subversion\BasicLib.git\trunks\deps\glog\vsprojects\libglog\Debug\mt.write.1.tlog
D:\SUBVERSION\BASICLIB.GIT\TRUNKS\DEPS\GLOG\VSPROJECTS\LIBGLOG\DEBUG\PORT.OBJ
D:\SUBVERSION\BASICLIB.GIT\TRUNKS\DEPS\GLOG\VSPROJECTS\LIBGLOG\DEBUG\RAW_LOGGING.OBJ
D:\Subversion\BasicLib.git\trunks\deps\glog\vsprojects\libglog\Debug\rc.command.1.tlog
D:\Subversion\BasicLib.git\trunks\deps\glog\vsprojects\libglog\Debug\rc.read.1.tlog
D:\Subversion\BasicLib.git\trunks\deps\glog\vsprojects\libglog\Debug\rc.write.1.tlog
D:\SUBVERSION\BASICLIB.GIT\TRUNKS\DEPS\GLOG\VSPROJECTS\LIBGLOG\DEBUG\UTILITIES.OBJ
D:\Subversion\BasicLib.git\trunks\deps\glog\vsprojects\libglog\Debug\vc100.idb
D:\SUBVERSION\BASICLIB.GIT\TRUNKS\DEPS\GLOG\VSPROJECTS\LIBGLOG\DEBUG\VC100.PDB
D:\SUBVERSION\BASICLIB.GIT\TRUNKS\DEPS\GLOG\VSPROJECTS\LIBGLOG\DEBUG\VC90.PDB
D:\SUBVERSION\BASICLIB.GIT\TRUNKS\DEPS\GLOG\VSPROJECTS\LIBGLOG\DEBUG\VLOG_IS_ON.OBJ
D:\SUBVERSION\NETLIB\DEPS\GLOG\DEBUG\LIBGLOG.DLL
D:\Subversion\netlib\deps\glog\Debug\libglog.exp
D:\SUBVERSION\NETLIB\DEPS\GLOG\DEBUG\LIBGLOG.ILK
D:\Subversion\netlib\deps\glog\Debug\libglog.lib
D:\SUBVERSION\NETLIB\DEPS\GLOG\DEBUG\LIBGLOG.PDB
D:\SUBVERSION\NETLIB\DEPS\GLOG\VSPROJECTS\LIBGLOG\DEBUG\LIBGLOG.DLL.EMBED.MANIFEST
D:\SUBVERSION\NETLIB\DEPS\GLOG\VSPROJECTS\LIBGLOG\DEBUG\LIBGLOG.DLL.EMBED.MANIFEST.RES
D:\SUBVERSION\NETLIB\DEPS\GLOG\VSPROJECTS\LIBGLOG\DEBUG\LIBGLOG.DLL.INTERMEDIATE.MANIFEST
D:\SUBVERSION\NETLIB\DEPS\GLOG\VSPROJECTS\LIBGLOG\DEBUG\LOGGING.OBJ
D:\SUBVERSION\NETLIB\DEPS\GLOG\VSPROJECTS\LIBGLOG\DEBUG\PORT.OBJ
D:\SUBVERSION\NETLIB\DEPS\GLOG\VSPROJECTS\LIBGLOG\DEBUG\RAW_LOGGING.OBJ
D:\SUBVERSION\NETLIB\DEPS\GLOG\VSPROJECTS\LIBGLOG\DEBUG\UTILITIES.OBJ
D:\SUBVERSION\NETLIB\DEPS\GLOG\VSPROJECTS\LIBGLOG\DEBUG\VC100.PDB
D:\SUBVERSION\NETLIB\DEPS\GLOG\VSPROJECTS\LIBGLOG\DEBUG\VLOG_IS_ON.OBJ
