生成启动时间为 2014/8/27 22:51:17。
     1>项目“D:\Subversion\BasicLib.git\trunks\deps\glog\vsprojects\libglog\libglog.vcxproj”在节点 2 上(build 个目标)。
     1>InitializeBuildStatus:
         正在创建“Debug\libglog.unsuccessfulbuild”，因为已指定“AlwaysCreate”。
       ClCompile:
         所有输出均为最新。
         D:\Program Files (x86)\Microsoft Visual Studio 10.0\VC\bin\x86_amd64\CL.exe /c /I..\..\src\windows /Zi /nologo /W3 /WX- /Od /D WIN32 /D _DEBUG /D _WINDOWS /D _USRDLL /D LIBGLOG_EXPORTS /D _WINDLL /D _UNICODE /D UNICODE /Gm- /EHsc /RTC1 /MDd /GS /fp:precise /Zc:wchar_t /Zc:forScope /Fo"Debug\\" /Fd"Debug\vc100.pdb" /Gd /TP /errorReport:prompt ..\..\src\logging.cc ..\..\src\windows\port.cc ..\..\src\raw_logging.cc ..\..\src\utilities.cc ..\..\src\vlog_is_on.cc
         logging.cc
     1>..\..\src\logging.cc(586): warning C4267: “初始化”: 从“size_t”转换到“int”，可能丢失数据
     1>..\..\src\logging.cc(719): warning C4267: “参数”: 从“size_t”转换到“int”，可能丢失数据
     1>..\..\src\logging.cc(744): warning C4267: “初始化”: 从“size_t”转换到“int”，可能丢失数据
     1>..\..\src\logging.cc(754): warning C4267: “初始化”: 从“size_t”转换到“int”，可能丢失数据
     1>..\..\src\logging.cc(1033): warning C4267: “初始化”: 从“size_t”转换到“const int”，可能丢失数据
     1>..\..\src\logging.cc(1314): warning C4267: “初始化”: 从“size_t”转换到“const int”，可能丢失数据
     1>..\..\src\logging.cc(1387): warning C4267: “参数”: 从“size_t”转换到“const int”，可能丢失数据
     1>..\..\src\logging.cc(1409): warning C4267: “参数”: 从“size_t”转换到“unsigned int”，可能丢失数据
     1>..\..\src\logging.cc(1487): warning C4267: “初始化”: 从“size_t”转换到“int”，可能丢失数据
     1>..\..\src\logging.cc(1500): warning C4267: “初始化”: 从“size_t”转换到“int”，可能丢失数据
         port.cc
         raw_logging.cc
     1>..\..\src\raw_logging.cc(153): warning C4267: “参数”: 从“size_t”转换到“unsigned int”，可能丢失数据
         utilities.cc
         vlog_is_on.cc
     1>..\..\src\vlog_is_on.cc(163): warning C4267: “初始化”: 从“size_t”转换到“const int”，可能丢失数据
         Generating Code...
       ManifestResourceCompile:
         所有输出均为最新。
       Link:
         D:\Program Files (x86)\Microsoft Visual Studio 10.0\VC\bin\x86_amd64\link.exe /ERRORREPORT:PROMPT /OUT:"D:\Subversion\BasicLib.git\trunks\deps\glog\Debug\libglog.dll" /INCREMENTAL /NOLOGO kernel32.lib user32.lib gdi32.lib winspool.lib comdlg32.lib advapi32.lib shell32.lib ole32.lib oleaut32.lib uuid.lib odbc32.lib odbccp32.lib /MANIFEST /ManifestFile:"Debug\libglog.dll.intermediate.manifest" /MANIFESTUAC:"level='asInvoker' uiAccess='false'" /DEBUG /PDB:"D:\Subversion\BasicLib.git\trunks\deps\glog\Debug\libglog.pdb" /SUBSYSTEM:WINDOWS /TLBID:1 /DYNAMICBASE /NXCOMPAT /IMPLIB:"D:\Subversion\BasicLib.git\trunks\deps\glog\Debug\libglog.lib" /MACHINE:X64 /DLL Debug\libglog.dll.embed.manifest.res
         Debug\logging.obj
         Debug\port.obj
         Debug\raw_logging.obj
         Debug\utilities.obj
         Debug\vlog_is_on.obj
            正在创建库 D:\Subversion\BasicLib.git\trunks\deps\glog\Debug\libglog.lib 和对象 D:\Subversion\BasicLib.git\trunks\deps\glog\Debug\libglog.exp
         libglog.vcxproj -> D:\Subversion\BasicLib.git\trunks\deps\glog\Debug\libglog.dll
       Manifest:
         C:\Program Files (x86)\Microsoft SDKs\Windows\v7.0A\bin\mt.exe /nologo /verbose /out:"Debug\libglog.dll.embed.manifest" /manifest Debug\libglog.dll.intermediate.manifest
         所有输出均为最新。
       LinkEmbedManifest:
         所有输出均为最新。
         libglog.vcxproj -> D:\Subversion\BasicLib.git\trunks\deps\glog\Debug\libglog.dll
       FinalizeBuildStatus:
         正在删除文件“Debug\libglog.unsuccessfulbuild”。
         正在对“Debug\libglog.lastbuildstate”执行 Touch 任务。
     1>已完成生成项目“D:\Subversion\BasicLib.git\trunks\deps\glog\vsprojects\libglog\libglog.vcxproj”(build 个目标)的操作。

生成成功。

已用时间 00:00:04.61
