生成启动时间为 2014/8/22 0:26:59。
     1>项目“D:\Subversion\netlib\deps\log4cpp\msvc10\log4cppLIB\log4cppLIB.vcxproj”在节点 2 上(rebuild 个目标)。
     1>_PrepareForClean:
         正在删除文件“.\Debug\log4cppLIB.lastbuildstate”。
     1>C:\Program Files (x86)\MSBuild\Microsoft.Cpp\v4.0\Microsoft.CppBuild.targets(299,5): warning MSB8004: Output 目录未以斜杠结尾。此生成实例将添加斜杠，因为必须有这个斜杠才能正确计算 Output 目录。
       InitializeBuildStatus:
         正在创建“.\Debug\log4cppLIB.unsuccessfulbuild”，因为已指定“AlwaysCreate”。
       CustomBuild:
         Performing Custom Build Tools
         MC: Compiling D:\Subversion\netlib\deps\log4cpp\msvc10\log4cppLIB\..\NTEventLogCategories.mc
         Microsoft (R) Windows (R) Resource Compiler Version 6.1.7600.16385
         
         Copyright (C) Microsoft Corporation.  All rights reserved.
         
         
         Microsoft (R) Incremental Linker Version 10.00.30319.01
         Copyright (C) Microsoft Corporation.  All rights reserved.
         
       ClCompile:
         D:\Program Files (x86)\Microsoft Visual Studio 10.0\VC\bin\x86_amd64\CL.exe /c /I..\..\include /Zi /nologo /W3 /WX- /MP /Od /D WIN32 /D _DEBUG /D _LIB /D _MBCS /Gm- /EHsc /RTC1 /MDd /GS /fp:precise /Zc:wchar_t /Zc:forScope /Fo".\Debug/" /Fd".\Debug/vc100.pdb" /FR".\Debug\\" /Gd /TP /errorReport:prompt ..\..\src\AbortAppender.cpp ..\..\src\Appender.cpp ..\..\src\AppendersFactory.cpp ..\..\src\AppenderSkeleton.cpp ..\..\src\BasicConfigurator.cpp ..\..\src\BasicLayout.cpp ..\..\src\BufferingAppender.cpp ..\..\src\Category.cpp ..\..\src\CategoryStream.cpp ..\..\src\Configurator.cpp ..\..\src\DummyThreads.cpp ..\..\src\FactoryParams.cpp ..\..\src\FileAppender.cpp ..\..\src\Filter.cpp ..\..\src\FixedContextCategory.cpp ..\..\src\HierarchyMaintainer.cpp ..\..\src\IdsaAppender.cpp ..\..\src\LayoutAppender.cpp ..\..\src\LayoutsFactory.cpp ..\..\src\LevelEvaluator.cpp ..\..\src\Localtime.cpp ..\..\src\LoggingEvent.cpp ..\..\src\MSThreads.cpp ..\..\src\NDC.cpp ..\..\src\NTEventLogAppender.cpp ..\..\src\OmniThreads.cpp ..\..\src\OstreamAppender.cpp ..\..\src\PassThroughLayout.cpp ..\..\src\PatternLayout.cpp ..\..\src\PortabilityImpl.cpp ..\..\src\Priority.cpp ..\..\src\Properties.cpp ..\..\src\PropertyConfigurator.cpp ..\..\src\PropertyConfiguratorImpl.cpp ..\..\src\PThreads.cpp ..\..\src\RemoteSyslogAppender.cpp ..\..\src\RollingFileAppender.cpp ..\..\src\SimpleConfigurator.cpp ..\..\src\SimpleLayout.cpp ..\..\src\SmtpAppender.cpp ..\..\src\StringQueueAppender.cpp ..\..\src\StringUtil.cpp ..\..\src\TimeStamp.cpp ..\..\src\TriggeringEventEvaluatorFactory.cpp ..\..\src\Win32DebugAppender.cpp
         AbortAppender.cpp
         Appender.cpp
         AppendersFactory.cpp
         AppenderSkeleton.cpp
         BasicConfigurator.cpp
         BasicLayout.cpp
         BufferingAppender.cpp
         Category.cpp
     1>..\..\src\BasicConfigurator.cpp(29): warning C4996: 'dup': The POSIX name for this item is deprecated. Instead, use the ISO C++ conformant name: _dup. See online help for details.
                 D:\Program Files (x86)\Microsoft Visual Studio 10.0\VC\include\io.h(304) : 参见“dup”的声明
     1>..\..\src\BasicConfigurator.cpp(29): warning C4996: 'fileno': The POSIX name for this item is deprecated. Instead, use the ISO C++ conformant name: _fileno. See online help for details.
                 D:\Program Files (x86)\Microsoft Visual Studio 10.0\VC\include\stdio.h(723) : 参见“fileno”的声明
         CategoryStream.cpp
         Configurator.cpp
         DummyThreads.cpp
         FactoryParams.cpp
         FileAppender.cpp
         Filter.cpp
         FixedContextCategory.cpp
         HierarchyMaintainer.cpp
     1>..\..\src\FileAppender.cpp(37): warning C4996: 'open': The POSIX name for this item is deprecated. Instead, use the ISO C++ conformant name: _open. See online help for details.
                 D:\Program Files (x86)\Microsoft Visual Studio 10.0\VC\include\io.h(312) : 参见“open”的声明
     1>..\..\src\FileAppender.cpp(54): warning C4996: 'close': The POSIX name for this item is deprecated. Instead, use the ISO C++ conformant name: _close. See online help for details.
                 D:\Program Files (x86)\Microsoft Visual Studio 10.0\VC\include\io.h(302) : 参见“close”的声明
     1>..\..\src\FileAppender.cpp(81): warning C4267: “参数”: 从“size_t”转换到“unsigned int”，可能丢失数据
     1>..\..\src\FileAppender.cpp(81): warning C4996: 'write': The POSIX name for this item is deprecated. Instead, use the ISO C++ conformant name: _write. See online help for details.
                 D:\Program Files (x86)\Microsoft Visual Studio 10.0\VC\include\io.h(318) : 参见“write”的声明
     1>..\..\src\FileAppender.cpp(88): warning C4996: 'open': The POSIX name for this item is deprecated. Instead, use the ISO C++ conformant name: _open. See online help for details.
                 D:\Program Files (x86)\Microsoft Visual Studio 10.0\VC\include\io.h(312) : 参见“open”的声明
     1>..\..\src\FileAppender.cpp(93): warning C4996: 'close': The POSIX name for this item is deprecated. Instead, use the ISO C++ conformant name: _close. See online help for details.
                 D:\Program Files (x86)\Microsoft Visual Studio 10.0\VC\include\io.h(302) : 参见“close”的声明
         IdsaAppender.cpp
         LayoutAppender.cpp
         LayoutsFactory.cpp
         LevelEvaluator.cpp
         Localtime.cpp
         LoggingEvent.cpp
         MSThreads.cpp
         NDC.cpp
         NTEventLogAppender.cpp
     1>..\..\src\MSThreads.cpp(17): warning C4996: 'sprintf': This function or variable may be unsafe. Consider using sprintf_s instead. To disable deprecation, use _CRT_SECURE_NO_WARNINGS. See online help for details.
                 D:\Program Files (x86)\Microsoft Visual Studio 10.0\VC\include\stdio.h(371) : 参见“sprintf”的声明
         OmniThreads.cpp
         OstreamAppender.cpp
         PassThroughLayout.cpp
         PatternLayout.cpp
         PortabilityImpl.cpp
         Priority.cpp
         Properties.cpp
         PropertyConfigurator.cpp
     1>..\..\src\PatternLayout.cpp(374): warning C4267: “=”: 从“size_t”转换到“int”，可能丢失数据
         PropertyConfiguratorImpl.cpp
     1>..\..\src\Properties.cpp(138): warning C4996: 'getenv': This function or variable may be unsafe. Consider using _dupenv_s instead. To disable deprecation, use _CRT_SECURE_NO_WARNINGS. See online help for details.
                 D:\Program Files (x86)\Microsoft Visual Studio 10.0\VC\include\stdlib.h(433) : 参见“getenv”的声明
         PThreads.cpp
         RemoteSyslogAppender.cpp
         RollingFileAppender.cpp
         SimpleConfigurator.cpp
     1>..\..\src\RemoteSyslogAppender.cpp(140): warning C4996: 'sprintf': This function or variable may be unsafe. Consider using sprintf_s instead. To disable deprecation, use _CRT_SECURE_NO_WARNINGS. See online help for details.
                 D:\Program Files (x86)\Microsoft Visual Studio 10.0\VC\include\stdio.h(371) : 参见“sprintf”的声明
     1>..\..\src\RemoteSyslogAppender.cpp(158): warning C4267: “参数”: 从“size_t”转换到“int”，可能丢失数据
         SimpleLayout.cpp
         SmtpAppender.cpp
         StringQueueAppender.cpp
     1>..\..\src\RollingFileAppender.cpp(41): warning C4244: “初始化”: 从“float”转换到“unsigned short”，可能丢失数据
     1>..\..\src\RollingFileAppender.cpp(46): warning C4244: “=”: 从“float”转换到“unsigned short”，可能丢失数据
     1>..\..\src\RollingFileAppender.cpp(62): warning C4996: 'close': The POSIX name for this item is deprecated. Instead, use the ISO C++ conformant name: _close. See online help for details.
                 D:\Program Files (x86)\Microsoft Visual Studio 10.0\VC\include\io.h(302) : 参见“close”的声明
     1>..\..\src\RollingFileAppender.cpp(81): warning C4996: 'open': The POSIX name for this item is deprecated. Instead, use the ISO C++ conformant name: _open. See online help for details.
                 D:\Program Files (x86)\Microsoft Visual Studio 10.0\VC\include\io.h(312) : 参见“open”的声明
     1>..\..\src\RollingFileAppender.cpp(86): warning C4996: 'lseek': The POSIX name for this item is deprecated. Instead, use the ISO C++ conformant name: _lseek. See online help for details.
                 D:\Program Files (x86)\Microsoft Visual Studio 10.0\VC\include\io.h(310) : 参见“lseek”的声明
     1>..\..\src\SimpleConfigurator.cpp(109): warning C4996: 'dup': The POSIX name for this item is deprecated. Instead, use the ISO C++ conformant name: _dup. See online help for details.
                 D:\Program Files (x86)\Microsoft Visual Studio 10.0\VC\include\io.h(304) : 参见“dup”的声明
     1>..\..\src\SimpleConfigurator.cpp(109): warning C4996: 'fileno': The POSIX name for this item is deprecated. Instead, use the ISO C++ conformant name: _fileno. See online help for details.
                 D:\Program Files (x86)\Microsoft Visual Studio 10.0\VC\include\stdio.h(723) : 参见“fileno”的声明
     1>..\..\src\SimpleConfigurator.cpp(113): warning C4996: 'dup': The POSIX name for this item is deprecated. Instead, use the ISO C++ conformant name: _dup. See online help for details.
                 D:\Program Files (x86)\Microsoft Visual Studio 10.0\VC\include\io.h(304) : 参见“dup”的声明
         StringUtil.cpp
         TimeStamp.cpp
         TriggeringEventEvaluatorFactory.cpp
     1>..\..\src\TimeStamp.cpp(38): warning C4244: “=”: 从“time_t”转换到“int”，可能丢失数据
         Win32DebugAppender.cpp
     1>..\..\src\StringUtil.cpp(50): warning C4996: '_vsnprintf': This function or variable may be unsafe. Consider using _vsnprintf_s instead. To disable deprecation, use _CRT_SECURE_NO_WARNINGS. See online help for details.
                 D:\Program Files (x86)\Microsoft Visual Studio 10.0\VC\include\stdio.h(363) : 参见“_vsnprintf”的声明
     1>C:\Program Files (x86)\MSBuild\Microsoft.Cpp\v4.0\Microsoft.CppBuild.targets(1151,5): warning MSB8012: TargetPath(D:\Subversion\netlib\deps\log4cpp\msvc10\log4cppLIB\.\Debug\x64\log4cppLIB.lib) 与 Library 的 OutputFile 属性值(D:\Subversion\netlib\deps\log4cpp\msvc10\log4cppLIB\Debug\log4cppD.lib)不匹配。这可能导致项目生成不正确。若要更正此问题，请确保 $(OutDir)、$(TargetName) 和 $(TargetExt) 属性值与 %(Lib.OutputFile) 中指定的值匹配。
     1>C:\Program Files (x86)\MSBuild\Microsoft.Cpp\v4.0\Microsoft.CppBuild.targets(1153,5): warning MSB8012: TargetName(log4cppLIB) 与 Library 的 OutputFile 属性值(log4cppD)不匹配。这可能导致项目生成不正确。若要更正此问题，请确保 $(OutDir)、$(TargetName) 和 $(TargetExt) 属性值与 %(Lib.OutputFile) 中指定的值匹配。
       Lib:
         D:\Program Files (x86)\Microsoft Visual Studio 10.0\VC\bin\x86_amd64\Lib.exe /OUT:"Debug\log4cppD.lib" /NOLOGO .\Debug/AbortAppender.obj
         .\Debug/Appender.obj
         .\Debug/AppendersFactory.obj
         .\Debug/AppenderSkeleton.obj
         .\Debug/BasicConfigurator.obj
         .\Debug/BasicLayout.obj
         .\Debug/BufferingAppender.obj
         .\Debug/Category.obj
         .\Debug/CategoryStream.obj
         .\Debug/Configurator.obj
         .\Debug/DummyThreads.obj
         .\Debug/FactoryParams.obj
         .\Debug/FileAppender.obj
         .\Debug/Filter.obj
         .\Debug/FixedContextCategory.obj
         .\Debug/HierarchyMaintainer.obj
         .\Debug/IdsaAppender.obj
         .\Debug/LayoutAppender.obj
         .\Debug/LayoutsFactory.obj
         .\Debug/LevelEvaluator.obj
         .\Debug/Localtime.obj
         .\Debug/LoggingEvent.obj
         .\Debug/MSThreads.obj
         .\Debug/NDC.obj
         .\Debug/NTEventLogAppender.obj
         .\Debug/OmniThreads.obj
         .\Debug/OstreamAppender.obj
         .\Debug/PassThroughLayout.obj
         .\Debug/PatternLayout.obj
         .\Debug/PortabilityImpl.obj
         .\Debug/Priority.obj
         .\Debug/Properties.obj
         .\Debug/PropertyConfigurator.obj
         .\Debug/PropertyConfiguratorImpl.obj
         .\Debug/PThreads.obj
         .\Debug/RemoteSyslogAppender.obj
         .\Debug/RollingFileAppender.obj
         .\Debug/SimpleConfigurator.obj
         .\Debug/SimpleLayout.obj
         .\Debug/SmtpAppender.obj
         .\Debug/StringQueueAppender.obj
         .\Debug/StringUtil.obj
         .\Debug/TimeStamp.obj
         .\Debug/TriggeringEventEvaluatorFactory.obj
         .\Debug/Win32DebugAppender.obj
     1>PThreads.obj : warning LNK4221: 此对象文件未定义任何之前未定义的公共符号，因此任何耗用此库的链接操作都不会使用此文件
     1>OmniThreads.obj : warning LNK4221: 此对象文件未定义任何之前未定义的公共符号，因此任何耗用此库的链接操作都不会使用此文件
     1>DummyThreads.obj : warning LNK4221: 此对象文件未定义任何之前未定义的公共符号，因此任何耗用此库的链接操作都不会使用此文件
         log4cppLIB.vcxproj -> D:\Subversion\netlib\deps\log4cpp\msvc10\log4cppLIB\.\Debug\x64\log4cppLIB.lib
       BscMake:
         D:\Program Files (x86)\Microsoft Visual Studio 10.0\VC\bin\bscmake.exe /nologo /o".\Debug\x64\log4cppLIB.bsc" .\Debug\AbortAppender.sbr .\Debug\Appender.sbr .\Debug\AppendersFactory.sbr .\Debug\AppenderSkeleton.sbr .\Debug\BasicConfigurator.sbr .\Debug\BasicLayout.sbr .\Debug\BufferingAppender.sbr .\Debug\Category.sbr .\Debug\CategoryStream.sbr .\Debug\Configurator.sbr .\Debug\DummyThreads.sbr .\Debug\FactoryParams.sbr .\Debug\FileAppender.sbr .\Debug\Filter.sbr .\Debug\FixedContextCategory.sbr .\Debug\HierarchyMaintainer.sbr .\Debug\IdsaAppender.sbr .\Debug\LayoutAppender.sbr .\Debug\LayoutsFactory.sbr .\Debug\LevelEvaluator.sbr .\Debug\Localtime.sbr .\Debug\LoggingEvent.sbr .\Debug\MSThreads.sbr .\Debug\NDC.sbr .\Debug\NTEventLogAppender.sbr .\Debug\OmniThreads.sbr .\Debug\OstreamAppender.sbr .\Debug\PassThroughLayout.sbr .\Debug\PatternLayout.sbr .\Debug\PortabilityImpl.sbr .\Debug\Priority.sbr .\Debug\Properties.sbr .\Debug\PropertyConfigurator.sbr .\Debug\PropertyConfiguratorImpl.sbr .\Debug\PThreads.sbr .\Debug\RemoteSyslogAppender.sbr .\Debug\RollingFileAppender.sbr .\Debug\SimpleConfigurator.sbr .\Debug\SimpleLayout.sbr .\Debug\SmtpAppender.sbr .\Debug\StringQueueAppender.sbr .\Debug\StringUtil.sbr .\Debug\TimeStamp.sbr .\Debug\TriggeringEventEvaluatorFactory.sbr .\Debug\Win32DebugAppender.sbr
       FinalizeBuildStatus:
         正在删除文件“.\Debug\log4cppLIB.unsuccessfulbuild”。
         正在对“.\Debug\log4cppLIB.lastbuildstate”执行 Touch 任务。
     1>已完成生成项目“D:\Subversion\netlib\deps\log4cpp\msvc10\log4cppLIB\log4cppLIB.vcxproj”(rebuild 个目标)的操作。

生成成功。

已用时间 00:00:25.37
