.\Debug\x64\log4cppLIB.bsc
D:\SUBVERSION\NETLIB\DEPS\LOG4CPP\MSVC10\LOG4CPPLIB\DEBUG\ABORTAPPENDER.OBJ
D:\SUBVERSION\NETLIB\DEPS\LOG4CPP\MSVC10\LOG4CPPLIB\DEBUG\ABORTAPPENDER.SBR
D:\SUBVERSION\NETLIB\DEPS\LOG4CPP\MSVC10\LOG4CPPLIB\DEBUG\APPENDER.OBJ
D:\SUBVERSION\NETLIB\DEPS\LOG4CPP\MSVC10\LOG4CPPLIB\DEBUG\APPENDER.SBR
D:\SUBVERSION\NETLIB\DEPS\LOG4CPP\MSVC10\LOG4CPPLIB\DEBUG\APPENDERSFACTORY.OBJ
D:\SUBVERSION\NETLIB\DEPS\LOG4CPP\MSVC10\LOG4CPPLIB\DEBUG\APPENDERSFACTORY.SBR
D:\SUBVERSION\NETLIB\DEPS\LOG4CPP\MSVC10\LOG4CPPLIB\DEBUG\APPENDERSKELETON.OBJ
D:\SUBVERSION\NETLIB\DEPS\LOG4CPP\MSVC10\LOG4CPPLIB\DEBUG\APPENDERSKELETON.SBR
D:\SUBVERSION\NETLIB\DEPS\LOG4CPP\MSVC10\LOG4CPPLIB\DEBUG\BASICCONFIGURATOR.OBJ
D:\SUBVERSION\NETLIB\DEPS\LOG4CPP\MSVC10\LOG4CPPLIB\DEBUG\BASICCONFIGURATOR.SBR
D:\SUBVERSION\NETLIB\DEPS\LOG4CPP\MSVC10\LOG4CPPLIB\DEBUG\BASICLAYOUT.OBJ
D:\SUBVERSION\NETLIB\DEPS\LOG4CPP\MSVC10\LOG4CPPLIB\DEBUG\BASICLAYOUT.SBR
D:\Subversion\netlib\deps\log4cpp\msvc10\log4cppLIB\Debug\BscMake.command.1.tlog
D:\Subversion\netlib\deps\log4cpp\msvc10\log4cppLIB\Debug\bscmake.read.1.tlog
D:\Subversion\netlib\deps\log4cpp\msvc10\log4cppLIB\Debug\bscmake.write.1.tlog
D:\SUBVERSION\NETLIB\DEPS\LOG4CPP\MSVC10\LOG4CPPLIB\DEBUG\BUFFERINGAPPENDER.OBJ
D:\SUBVERSION\NETLIB\DEPS\LOG4CPP\MSVC10\LOG4CPPLIB\DEBUG\BUFFERINGAPPENDER.SBR
D:\SUBVERSION\NETLIB\DEPS\LOG4CPP\MSVC10\LOG4CPPLIB\DEBUG\CATEGORY.OBJ
D:\SUBVERSION\NETLIB\DEPS\LOG4CPP\MSVC10\LOG4CPPLIB\DEBUG\CATEGORY.SBR
D:\SUBVERSION\NETLIB\DEPS\LOG4CPP\MSVC10\LOG4CPPLIB\DEBUG\CATEGORYSTREAM.OBJ
D:\SUBVERSION\NETLIB\DEPS\LOG4CPP\MSVC10\LOG4CPPLIB\DEBUG\CATEGORYSTREAM.SBR
D:\Subversion\netlib\deps\log4cpp\msvc10\log4cppLIB\Debug\CL.1096.read.1.tlog
D:\Subversion\netlib\deps\log4cpp\msvc10\log4cppLIB\Debug\CL.1096.write.1.tlog
D:\Subversion\netlib\deps\log4cpp\msvc10\log4cppLIB\Debug\CL.1240.read.1.tlog
D:\Subversion\netlib\deps\log4cpp\msvc10\log4cppLIB\Debug\CL.1240.write.1.tlog
D:\Subversion\netlib\deps\log4cpp\msvc10\log4cppLIB\Debug\CL.1700.read.1.tlog
D:\Subversion\netlib\deps\log4cpp\msvc10\log4cppLIB\Debug\CL.1700.write.1.tlog
D:\Subversion\netlib\deps\log4cpp\msvc10\log4cppLIB\Debug\CL.1848.read.1.tlog
D:\Subversion\netlib\deps\log4cpp\msvc10\log4cppLIB\Debug\CL.1848.write.1.tlog
D:\Subversion\netlib\deps\log4cpp\msvc10\log4cppLIB\Debug\CL.192.read.1.tlog
D:\Subversion\netlib\deps\log4cpp\msvc10\log4cppLIB\Debug\CL.192.write.1.tlog
D:\Subversion\netlib\deps\log4cpp\msvc10\log4cppLIB\Debug\CL.2820.read.1.tlog
D:\Subversion\netlib\deps\log4cpp\msvc10\log4cppLIB\Debug\CL.2820.write.1.tlog
D:\Subversion\netlib\deps\log4cpp\msvc10\log4cppLIB\Debug\CL.400.read.1.tlog
D:\Subversion\netlib\deps\log4cpp\msvc10\log4cppLIB\Debug\CL.400.write.1.tlog
D:\Subversion\netlib\deps\log4cpp\msvc10\log4cppLIB\Debug\CL.4132.read.1.tlog
D:\Subversion\netlib\deps\log4cpp\msvc10\log4cppLIB\Debug\CL.4132.write.1.tlog
D:\Subversion\netlib\deps\log4cpp\msvc10\log4cppLIB\Debug\CL.4144.read.1.tlog
D:\Subversion\netlib\deps\log4cpp\msvc10\log4cppLIB\Debug\CL.4144.write.1.tlog
D:\Subversion\netlib\deps\log4cpp\msvc10\log4cppLIB\Debug\CL.4924.read.1.tlog
D:\Subversion\netlib\deps\log4cpp\msvc10\log4cppLIB\Debug\CL.4924.write.1.tlog
D:\Subversion\netlib\deps\log4cpp\msvc10\log4cppLIB\Debug\CL.5752.read.1.tlog
D:\Subversion\netlib\deps\log4cpp\msvc10\log4cppLIB\Debug\CL.5752.write.1.tlog
D:\Subversion\netlib\deps\log4cpp\msvc10\log4cppLIB\Debug\CL.5760.read.1.tlog
D:\Subversion\netlib\deps\log4cpp\msvc10\log4cppLIB\Debug\CL.5760.write.1.tlog
D:\Subversion\netlib\deps\log4cpp\msvc10\log4cppLIB\Debug\CL.6020.read.1.tlog
D:\Subversion\netlib\deps\log4cpp\msvc10\log4cppLIB\Debug\CL.6020.write.1.tlog
D:\Subversion\netlib\deps\log4cpp\msvc10\log4cppLIB\Debug\CL.6096.read.1.tlog
D:\Subversion\netlib\deps\log4cpp\msvc10\log4cppLIB\Debug\CL.6096.write.1.tlog
D:\Subversion\netlib\deps\log4cpp\msvc10\log4cppLIB\Debug\CL.6792.read.1.tlog
D:\Subversion\netlib\deps\log4cpp\msvc10\log4cppLIB\Debug\CL.6792.write.1.tlog
D:\Subversion\netlib\deps\log4cpp\msvc10\log4cppLIB\Debug\CL.748.read.1.tlog
D:\Subversion\netlib\deps\log4cpp\msvc10\log4cppLIB\Debug\CL.748.write.1.tlog
D:\Subversion\netlib\deps\log4cpp\msvc10\log4cppLIB\Debug\cl.command.1.tlog
D:\Subversion\netlib\deps\log4cpp\msvc10\log4cppLIB\Debug\CL.read.1.tlog
D:\Subversion\netlib\deps\log4cpp\msvc10\log4cppLIB\Debug\cl.write.1.tlog
D:\SUBVERSION\NETLIB\DEPS\LOG4CPP\MSVC10\LOG4CPPLIB\DEBUG\CONFIGURATOR.OBJ
D:\SUBVERSION\NETLIB\DEPS\LOG4CPP\MSVC10\LOG4CPPLIB\DEBUG\CONFIGURATOR.SBR
D:\Subversion\netlib\deps\log4cpp\msvc10\log4cppLIB\Debug\custombuild.command.1.tlog
D:\Subversion\netlib\deps\log4cpp\msvc10\log4cppLIB\Debug\custombuild.read.1.tlog
D:\Subversion\netlib\deps\log4cpp\msvc10\log4cppLIB\Debug\custombuild.write.1.tlog
D:\SUBVERSION\NETLIB\DEPS\LOG4CPP\MSVC10\LOG4CPPLIB\DEBUG\DUMMYTHREADS.OBJ
D:\SUBVERSION\NETLIB\DEPS\LOG4CPP\MSVC10\LOG4CPPLIB\DEBUG\DUMMYTHREADS.SBR
D:\SUBVERSION\NETLIB\DEPS\LOG4CPP\MSVC10\LOG4CPPLIB\DEBUG\FACTORYPARAMS.OBJ
D:\SUBVERSION\NETLIB\DEPS\LOG4CPP\MSVC10\LOG4CPPLIB\DEBUG\FACTORYPARAMS.SBR
D:\SUBVERSION\NETLIB\DEPS\LOG4CPP\MSVC10\LOG4CPPLIB\DEBUG\FILEAPPENDER.OBJ
D:\SUBVERSION\NETLIB\DEPS\LOG4CPP\MSVC10\LOG4CPPLIB\DEBUG\FILEAPPENDER.SBR
D:\SUBVERSION\NETLIB\DEPS\LOG4CPP\MSVC10\LOG4CPPLIB\DEBUG\FILTER.OBJ
D:\SUBVERSION\NETLIB\DEPS\LOG4CPP\MSVC10\LOG4CPPLIB\DEBUG\FILTER.SBR
D:\SUBVERSION\NETLIB\DEPS\LOG4CPP\MSVC10\LOG4CPPLIB\DEBUG\FIXEDCONTEXTCATEGORY.OBJ
D:\SUBVERSION\NETLIB\DEPS\LOG4CPP\MSVC10\LOG4CPPLIB\DEBUG\FIXEDCONTEXTCATEGORY.SBR
D:\SUBVERSION\NETLIB\DEPS\LOG4CPP\MSVC10\LOG4CPPLIB\DEBUG\HIERARCHYMAINTAINER.OBJ
D:\SUBVERSION\NETLIB\DEPS\LOG4CPP\MSVC10\LOG4CPPLIB\DEBUG\HIERARCHYMAINTAINER.SBR
D:\SUBVERSION\NETLIB\DEPS\LOG4CPP\MSVC10\LOG4CPPLIB\DEBUG\IDSAAPPENDER.OBJ
D:\SUBVERSION\NETLIB\DEPS\LOG4CPP\MSVC10\LOG4CPPLIB\DEBUG\IDSAAPPENDER.SBR
D:\SUBVERSION\NETLIB\DEPS\LOG4CPP\MSVC10\LOG4CPPLIB\DEBUG\LAYOUTAPPENDER.OBJ
D:\SUBVERSION\NETLIB\DEPS\LOG4CPP\MSVC10\LOG4CPPLIB\DEBUG\LAYOUTAPPENDER.SBR
D:\SUBVERSION\NETLIB\DEPS\LOG4CPP\MSVC10\LOG4CPPLIB\DEBUG\LAYOUTSFACTORY.OBJ
D:\SUBVERSION\NETLIB\DEPS\LOG4CPP\MSVC10\LOG4CPPLIB\DEBUG\LAYOUTSFACTORY.SBR
D:\SUBVERSION\NETLIB\DEPS\LOG4CPP\MSVC10\LOG4CPPLIB\DEBUG\LEVELEVALUATOR.OBJ
D:\SUBVERSION\NETLIB\DEPS\LOG4CPP\MSVC10\LOG4CPPLIB\DEBUG\LEVELEVALUATOR.SBR
D:\Subversion\netlib\deps\log4cpp\msvc10\log4cppLIB\Debug\lib.command.1.tlog
D:\Subversion\netlib\deps\log4cpp\msvc10\log4cppLIB\Debug\Lib-link.read.1.tlog
D:\Subversion\netlib\deps\log4cpp\msvc10\log4cppLIB\Debug\Lib-link.write.1.tlog
D:\SUBVERSION\NETLIB\DEPS\LOG4CPP\MSVC10\LOG4CPPLIB\DEBUG\LOCALTIME.OBJ
D:\SUBVERSION\NETLIB\DEPS\LOG4CPP\MSVC10\LOG4CPPLIB\DEBUG\LOCALTIME.SBR
D:\SUBVERSION\NETLIB\DEPS\LOG4CPP\MSVC10\LOG4CPPLIB\DEBUG\LOG4CPPD.LIB
D:\Subversion\netlib\deps\log4cpp\msvc10\log4cppLIB\Debug\log4cppLIB.bsc
D:\Subversion\netlib\deps\log4cpp\msvc10\log4cppLIB\Debug\log4cppLIB.write.1.tlog
D:\SUBVERSION\NETLIB\DEPS\LOG4CPP\MSVC10\LOG4CPPLIB\DEBUG\LOGGINGEVENT.OBJ
D:\SUBVERSION\NETLIB\DEPS\LOG4CPP\MSVC10\LOG4CPPLIB\DEBUG\LOGGINGEVENT.SBR
D:\SUBVERSION\NETLIB\DEPS\LOG4CPP\MSVC10\LOG4CPPLIB\DEBUG\MSTHREADS.OBJ
D:\SUBVERSION\NETLIB\DEPS\LOG4CPP\MSVC10\LOG4CPPLIB\DEBUG\MSTHREADS.SBR
D:\SUBVERSION\NETLIB\DEPS\LOG4CPP\MSVC10\LOG4CPPLIB\DEBUG\NDC.OBJ
D:\SUBVERSION\NETLIB\DEPS\LOG4CPP\MSVC10\LOG4CPPLIB\DEBUG\NDC.SBR
D:\SUBVERSION\NETLIB\DEPS\LOG4CPP\MSVC10\LOG4CPPLIB\DEBUG\NTEVENTLOGAPPENDER.OBJ
D:\SUBVERSION\NETLIB\DEPS\LOG4CPP\MSVC10\LOG4CPPLIB\DEBUG\NTEVENTLOGAPPENDER.SBR
D:\Subversion\netlib\deps\log4cpp\msvc10\log4cppLIB\Debug\NTEventLogCategories.res
D:\SUBVERSION\NETLIB\DEPS\LOG4CPP\MSVC10\LOG4CPPLIB\DEBUG\OMNITHREADS.OBJ
D:\SUBVERSION\NETLIB\DEPS\LOG4CPP\MSVC10\LOG4CPPLIB\DEBUG\OMNITHREADS.SBR
D:\SUBVERSION\NETLIB\DEPS\LOG4CPP\MSVC10\LOG4CPPLIB\DEBUG\OSTREAMAPPENDER.OBJ
D:\SUBVERSION\NETLIB\DEPS\LOG4CPP\MSVC10\LOG4CPPLIB\DEBUG\OSTREAMAPPENDER.SBR
D:\SUBVERSION\NETLIB\DEPS\LOG4CPP\MSVC10\LOG4CPPLIB\DEBUG\PASSTHROUGHLAYOUT.OBJ
D:\SUBVERSION\NETLIB\DEPS\LOG4CPP\MSVC10\LOG4CPPLIB\DEBUG\PASSTHROUGHLAYOUT.SBR
D:\SUBVERSION\NETLIB\DEPS\LOG4CPP\MSVC10\LOG4CPPLIB\DEBUG\PATTERNLAYOUT.OBJ
D:\SUBVERSION\NETLIB\DEPS\LOG4CPP\MSVC10\LOG4CPPLIB\DEBUG\PATTERNLAYOUT.SBR
D:\SUBVERSION\NETLIB\DEPS\LOG4CPP\MSVC10\LOG4CPPLIB\DEBUG\PORTABILITYIMPL.OBJ
D:\SUBVERSION\NETLIB\DEPS\LOG4CPP\MSVC10\LOG4CPPLIB\DEBUG\PORTABILITYIMPL.SBR
D:\SUBVERSION\NETLIB\DEPS\LOG4CPP\MSVC10\LOG4CPPLIB\DEBUG\PRIORITY.OBJ
D:\SUBVERSION\NETLIB\DEPS\LOG4CPP\MSVC10\LOG4CPPLIB\DEBUG\PRIORITY.SBR
D:\SUBVERSION\NETLIB\DEPS\LOG4CPP\MSVC10\LOG4CPPLIB\DEBUG\PROPERTIES.OBJ
D:\SUBVERSION\NETLIB\DEPS\LOG4CPP\MSVC10\LOG4CPPLIB\DEBUG\PROPERTIES.SBR
D:\SUBVERSION\NETLIB\DEPS\LOG4CPP\MSVC10\LOG4CPPLIB\DEBUG\PROPERTYCONFIGURATOR.OBJ
D:\SUBVERSION\NETLIB\DEPS\LOG4CPP\MSVC10\LOG4CPPLIB\DEBUG\PROPERTYCONFIGURATOR.SBR
D:\SUBVERSION\NETLIB\DEPS\LOG4CPP\MSVC10\LOG4CPPLIB\DEBUG\PROPERTYCONFIGURATORIMPL.OBJ
D:\SUBVERSION\NETLIB\DEPS\LOG4CPP\MSVC10\LOG4CPPLIB\DEBUG\PROPERTYCONFIGURATORIMPL.SBR
D:\SUBVERSION\NETLIB\DEPS\LOG4CPP\MSVC10\LOG4CPPLIB\DEBUG\PTHREADS.OBJ
D:\SUBVERSION\NETLIB\DEPS\LOG4CPP\MSVC10\LOG4CPPLIB\DEBUG\PTHREADS.SBR
D:\SUBVERSION\NETLIB\DEPS\LOG4CPP\MSVC10\LOG4CPPLIB\DEBUG\REMOTESYSLOGAPPENDER.OBJ
D:\SUBVERSION\NETLIB\DEPS\LOG4CPP\MSVC10\LOG4CPPLIB\DEBUG\REMOTESYSLOGAPPENDER.SBR
D:\SUBVERSION\NETLIB\DEPS\LOG4CPP\MSVC10\LOG4CPPLIB\DEBUG\ROLLINGFILEAPPENDER.OBJ
D:\SUBVERSION\NETLIB\DEPS\LOG4CPP\MSVC10\LOG4CPPLIB\DEBUG\ROLLINGFILEAPPENDER.SBR
D:\SUBVERSION\NETLIB\DEPS\LOG4CPP\MSVC10\LOG4CPPLIB\DEBUG\SIMPLECONFIGURATOR.OBJ
D:\SUBVERSION\NETLIB\DEPS\LOG4CPP\MSVC10\LOG4CPPLIB\DEBUG\SIMPLECONFIGURATOR.SBR
D:\SUBVERSION\NETLIB\DEPS\LOG4CPP\MSVC10\LOG4CPPLIB\DEBUG\SIMPLELAYOUT.OBJ
D:\SUBVERSION\NETLIB\DEPS\LOG4CPP\MSVC10\LOG4CPPLIB\DEBUG\SIMPLELAYOUT.SBR
D:\SUBVERSION\NETLIB\DEPS\LOG4CPP\MSVC10\LOG4CPPLIB\DEBUG\SMTPAPPENDER.OBJ
D:\SUBVERSION\NETLIB\DEPS\LOG4CPP\MSVC10\LOG4CPPLIB\DEBUG\SMTPAPPENDER.SBR
D:\SUBVERSION\NETLIB\DEPS\LOG4CPP\MSVC10\LOG4CPPLIB\DEBUG\STRINGQUEUEAPPENDER.OBJ
D:\SUBVERSION\NETLIB\DEPS\LOG4CPP\MSVC10\LOG4CPPLIB\DEBUG\STRINGQUEUEAPPENDER.SBR
D:\SUBVERSION\NETLIB\DEPS\LOG4CPP\MSVC10\LOG4CPPLIB\DEBUG\STRINGUTIL.OBJ
D:\SUBVERSION\NETLIB\DEPS\LOG4CPP\MSVC10\LOG4CPPLIB\DEBUG\STRINGUTIL.SBR
D:\SUBVERSION\NETLIB\DEPS\LOG4CPP\MSVC10\LOG4CPPLIB\DEBUG\TIMESTAMP.OBJ
D:\SUBVERSION\NETLIB\DEPS\LOG4CPP\MSVC10\LOG4CPPLIB\DEBUG\TIMESTAMP.SBR
D:\SUBVERSION\NETLIB\DEPS\LOG4CPP\MSVC10\LOG4CPPLIB\DEBUG\TRIGGERINGEVENTEVALUATORFACTORY.OBJ
D:\SUBVERSION\NETLIB\DEPS\LOG4CPP\MSVC10\LOG4CPPLIB\DEBUG\TRIGGERINGEVENTEVALUATORFACTORY.SBR
D:\Subversion\netlib\deps\log4cpp\msvc10\log4cppLIB\Debug\vc100.idb
D:\SUBVERSION\NETLIB\DEPS\LOG4CPP\MSVC10\LOG4CPPLIB\DEBUG\VC100.PDB
D:\SUBVERSION\NETLIB\DEPS\LOG4CPP\MSVC10\LOG4CPPLIB\DEBUG\WIN32DEBUGAPPENDER.OBJ
D:\SUBVERSION\NETLIB\DEPS\LOG4CPP\MSVC10\LOG4CPPLIB\DEBUG\WIN32DEBUGAPPENDER.SBR
D:\SUBVERSION\NETLIB\DEPS\LOG4CPP\MSVC10\LOG4CPPLIB\DEBUG\X64\LOG4CPPLIB.BSC
D:\SUBVERSION\NETLIB\DEPS\LOG4CPP\MSVC10\LOG4CPPLIB\DEBUG\X64\NTEVENTLOGAPPENDER.DLL
