生成启动时间为 2014/8/21 23:38:06。
     1>项目“D:\Subversion\netlib\deps\protobuf\vsprojects\libprotobuf.vcxproj”在节点 2 上(build 个目标)。
     1>C:\Program Files (x86)\MSBuild\Microsoft.Cpp\v4.0\Microsoft.CppBuild.targets(299,5): warning MSB8004: Output 目录未以斜杠结尾。此生成实例将添加斜杠，因为必须有这个斜杠才能正确计算 Output 目录。
         正在创建目录“Debug\x32\”。
     1>InitializeBuildStatus:
         正在创建“Debug\libprotobuf.unsuccessfulbuild”，因为已指定“AlwaysCreate”。
       ClCompile:
         所有输出均为最新。
         D:\Program Files (x86)\Microsoft Visual Studio 10.0\VC\bin\CL.exe /c /I../src /I. /ZI /nologo /W3 /WX- /Od /Oy- /D WIN32 /D _DEBUG /D _WINDOWS /D _USRDLL /D LIBPROTOBUF_EXPORTS /Gm /EHsc /RTC1 /MDd /GS /fp:precise /Zc:wchar_t /Zc:forScope /Fo"Debug\\" /Fd"Debug\vc100.pdb" /Gd /TP /analyze- /errorReport:prompt ..\src\google\protobuf\io\coded_stream.cc ..\src\google\protobuf\stubs\common.cc ..\src\google\protobuf\descriptor.cc ..\src\google\protobuf\descriptor.pb.cc ..\src\google\protobuf\descriptor_database.cc ..\src\google\protobuf\dynamic_message.cc ..\src\google\protobuf\extension_set.cc ..\src\google\protobuf\extension_set_heavy.cc ..\src\google\protobuf\generated_message_reflection.cc ..\src\google\protobuf\generated_message_util.cc ..\src\google\protobuf\io\gzip_stream.cc ..\src\google\protobuf\compiler\importer.cc ..\src\google\protobuf\message.cc ..\src\google\protobuf\message_lite.cc ..\src\google\protobuf\stubs\once.cc ..\src\google\protobuf\stubs\atomicops_internals_x86_msvc.cc ..\src\google\protobuf\compiler\parser.cc ..\src\google\protobuf\io\printer.cc ..\src\google\protobuf\reflection_ops.cc ..\src\google\protobuf\repeated_field.cc ..\src\google\protobuf\service.cc ..\src\google\protobuf\stubs\structurally_valid.cc ..\src\google\protobuf\stubs\strutil.cc ..\src\google\protobuf\stubs\substitute.cc ..\src\google\protobuf\text_format.cc ..\src\google\protobuf\io\tokenizer.cc ..\src\google\protobuf\unknown_field_set.cc ..\src\google\protobuf\wire_format.cc ..\src\google\protobuf\wire_format_lite.cc ..\src\google\protobuf\io\zero_copy_stream.cc ..\src\google\protobuf\io\zero_copy_stream_impl.cc ..\src\google\protobuf\io\zero_copy_stream_impl_lite.cc ..\src\google\protobuf\stubs\stringprintf.cc /wd4244 /wd4267 /wd4018 /wd4355 /wd4800 /wd4251 /wd4996 /wd4146 /wd4305 
         stringprintf.cc
         zero_copy_stream_impl_lite.cc
         zero_copy_stream_impl.cc
         zero_copy_stream.cc
         wire_format_lite.cc
         wire_format.cc
         unknown_field_set.cc
         tokenizer.cc
         text_format.cc
         substitute.cc
         strutil.cc
         structurally_valid.cc
         service.cc
         repeated_field.cc
         reflection_ops.cc
         printer.cc
         parser.cc
         atomicops_internals_x86_msvc.cc
         once.cc
         message_lite.cc
         正在生成代码...
         正在编译...
         message.cc
         importer.cc
         gzip_stream.cc
         generated_message_util.cc
         generated_message_reflection.cc
         extension_set_heavy.cc
         extension_set.cc
         dynamic_message.cc
         descriptor_database.cc
         descriptor.pb.cc
         descriptor.cc
         common.cc
         coded_stream.cc
         正在生成代码...
       Lib:
         D:\Program Files (x86)\Microsoft Visual Studio 10.0\VC\bin\Lib.exe /OUT:"Debug\x32\libprotobuf.lib" /NOLOGO Debug\coded_stream.obj
         Debug\common.obj
         Debug\descriptor.obj
         Debug\descriptor.pb.obj
         Debug\descriptor_database.obj
         Debug\dynamic_message.obj
         Debug\extension_set.obj
         Debug\extension_set_heavy.obj
         Debug\generated_message_reflection.obj
         Debug\generated_message_util.obj
         Debug\gzip_stream.obj
         Debug\importer.obj
         Debug\message.obj
         Debug\message_lite.obj
         Debug\once.obj
         Debug\atomicops_internals_x86_msvc.obj
         Debug\parser.obj
         Debug\printer.obj
         Debug\reflection_ops.obj
         Debug\repeated_field.obj
         Debug\service.obj
         Debug\structurally_valid.obj
         Debug\strutil.obj
         Debug\substitute.obj
         Debug\text_format.obj
         Debug\tokenizer.obj
         Debug\unknown_field_set.obj
         Debug\wire_format.obj
         Debug\wire_format_lite.obj
         Debug\zero_copy_stream.obj
         Debug\zero_copy_stream_impl.obj
         Debug\zero_copy_stream_impl_lite.obj
         Debug\stringprintf.obj
         libprotobuf.vcxproj -> D:\Subversion\netlib\deps\protobuf\vsprojects\Debug\x32\libprotobuf.lib
       FinalizeBuildStatus:
         正在删除文件“Debug\libprotobuf.unsuccessfulbuild”。
         正在对“Debug\libprotobuf.lastbuildstate”执行 Touch 任务。
     1>已完成生成项目“D:\Subversion\netlib\deps\protobuf\vsprojects\libprotobuf.vcxproj”(build 个目标)的操作。

生成成功。

已用时间 00:00:30.00
