D:\SUBVERSION\NETLIB\DEPS\RAKNET\LIB\LIBSTATIC\X64\DEBUG\_FINDFIRST.OBJ
D:\SUBVERSION\NETLIB\DEPS\RAKNET\LIB\LIBSTATIC\X64\DEBUG\BASE64ENCODER.OBJ
D:\SUBVERSION\NETLIB\DEPS\RAKNET\LIB\LIBSTATIC\X64\DEBUG\BITSTREAM.OBJ
D:\SUBVERSION\NETLIB\DEPS\RAKNET\LIB\LIBSTATIC\X64\DEBUG\CCRAKNETSLIDINGWINDOW.OBJ
D:\SUBVERSION\NETLIB\DEPS\RAKNET\LIB\LIBSTATIC\X64\DEBUG\CCRAKNETUDT.OBJ
D:\SUBVERSION\NETLIB\DEPS\RAKNET\LIB\LIBSTATIC\X64\DEBUG\CHECKSUM.OBJ
D:\Subversion\netlib\deps\RakNet\Lib\LibStatic\x64\Debug\cl.command.1.tlog
D:\Subversion\netlib\deps\RakNet\Lib\LibStatic\x64\Debug\CL.read.1.tlog
D:\Subversion\netlib\deps\RakNet\Lib\LibStatic\x64\Debug\CL.write.1.tlog
D:\SUBVERSION\NETLIB\DEPS\RAKNET\LIB\LIBSTATIC\X64\DEBUG\CLOUDCLIENT.OBJ
D:\SUBVERSION\NETLIB\DEPS\RAKNET\LIB\LIBSTATIC\X64\DEBUG\CLOUDCOMMON.OBJ
D:\SUBVERSION\NETLIB\DEPS\RAKNET\LIB\LIBSTATIC\X64\DEBUG\CLOUDSERVER.OBJ
D:\SUBVERSION\NETLIB\DEPS\RAKNET\LIB\LIBSTATIC\X64\DEBUG\COMMANDPARSERINTERFACE.OBJ
D:\SUBVERSION\NETLIB\DEPS\RAKNET\LIB\LIBSTATIC\X64\DEBUG\CONNECTIONGRAPH2.OBJ
D:\SUBVERSION\NETLIB\DEPS\RAKNET\LIB\LIBSTATIC\X64\DEBUG\CONSOLESERVER.OBJ
D:\SUBVERSION\NETLIB\DEPS\RAKNET\LIB\LIBSTATIC\X64\DEBUG\DATACOMPRESSOR.OBJ
D:\SUBVERSION\NETLIB\DEPS\RAKNET\LIB\LIBSTATIC\X64\DEBUG\DIRECTORYDELTATRANSFER.OBJ
D:\SUBVERSION\NETLIB\DEPS\RAKNET\LIB\LIBSTATIC\X64\DEBUG\DR_SHA1.OBJ
D:\SUBVERSION\NETLIB\DEPS\RAKNET\LIB\LIBSTATIC\X64\DEBUG\DS_BYTEPOOL.OBJ
D:\SUBVERSION\NETLIB\DEPS\RAKNET\LIB\LIBSTATIC\X64\DEBUG\DS_BYTEQUEUE.OBJ
D:\SUBVERSION\NETLIB\DEPS\RAKNET\LIB\LIBSTATIC\X64\DEBUG\DS_HUFFMANENCODINGTREE.OBJ
D:\SUBVERSION\NETLIB\DEPS\RAKNET\LIB\LIBSTATIC\X64\DEBUG\DS_TABLE.OBJ
D:\SUBVERSION\NETLIB\DEPS\RAKNET\LIB\LIBSTATIC\X64\DEBUG\DYNDNS.OBJ
D:\SUBVERSION\NETLIB\DEPS\RAKNET\LIB\LIBSTATIC\X64\DEBUG\EMAILSENDER.OBJ
D:\SUBVERSION\NETLIB\DEPS\RAKNET\LIB\LIBSTATIC\X64\DEBUG\EPOCHTIMETOSTRING.OBJ
D:\SUBVERSION\NETLIB\DEPS\RAKNET\LIB\LIBSTATIC\X64\DEBUG\FILELIST.OBJ
D:\SUBVERSION\NETLIB\DEPS\RAKNET\LIB\LIBSTATIC\X64\DEBUG\FILELISTTRANSFER.OBJ
D:\SUBVERSION\NETLIB\DEPS\RAKNET\LIB\LIBSTATIC\X64\DEBUG\FILEOPERATIONS.OBJ
D:\SUBVERSION\NETLIB\DEPS\RAKNET\LIB\LIBSTATIC\X64\DEBUG\FORMATSTRING.OBJ
D:\SUBVERSION\NETLIB\DEPS\RAKNET\LIB\LIBSTATIC\X64\DEBUG\FULLYCONNECTEDMESH2.OBJ
D:\SUBVERSION\NETLIB\DEPS\RAKNET\LIB\LIBSTATIC\X64\DEBUG\GETCHE.OBJ
D:\SUBVERSION\NETLIB\DEPS\RAKNET\LIB\LIBSTATIC\X64\DEBUG\GETS.OBJ
D:\SUBVERSION\NETLIB\DEPS\RAKNET\LIB\LIBSTATIC\X64\DEBUG\GETTIME.OBJ
D:\SUBVERSION\NETLIB\DEPS\RAKNET\LIB\LIBSTATIC\X64\DEBUG\GETTIMEOFDAY.OBJ
D:\SUBVERSION\NETLIB\DEPS\RAKNET\LIB\LIBSTATIC\X64\DEBUG\GRIDSECTORIZER.OBJ
D:\SUBVERSION\NETLIB\DEPS\RAKNET\LIB\LIBSTATIC\X64\DEBUG\HTTPCONNECTION.OBJ
D:\SUBVERSION\NETLIB\DEPS\RAKNET\LIB\LIBSTATIC\X64\DEBUG\HTTPCONNECTION2.OBJ
D:\SUBVERSION\NETLIB\DEPS\RAKNET\LIB\LIBSTATIC\X64\DEBUG\INCREMENTALREADINTERFACE.OBJ
D:\SUBVERSION\NETLIB\DEPS\RAKNET\LIB\LIBSTATIC\X64\DEBUG\ITOA.OBJ
D:\Subversion\netlib\deps\RakNet\Lib\LibStatic\x64\Debug\lib.command.1.tlog
D:\Subversion\netlib\deps\RakNet\Lib\LibStatic\x64\Debug\Lib-link.read.1.tlog
D:\Subversion\netlib\deps\RakNet\Lib\LibStatic\x64\Debug\Lib-link.write.1.tlog
D:\Subversion\netlib\deps\RakNet\Lib\LibStatic\x64\Debug\LibStatic.write.1.tlog
D:\SUBVERSION\NETLIB\DEPS\RAKNET\LIB\LIBSTATIC\X64\DEBUG\LINUXSTRINGS.OBJ
D:\SUBVERSION\NETLIB\DEPS\RAKNET\LIB\LIBSTATIC\X64\DEBUG\LOCKLESSTYPES.OBJ
D:\SUBVERSION\NETLIB\DEPS\RAKNET\LIB\LIBSTATIC\X64\DEBUG\LOGCOMMANDPARSER.OBJ
D:\SUBVERSION\NETLIB\DEPS\RAKNET\LIB\LIBSTATIC\X64\DEBUG\MESSAGEFILTER.OBJ
D:\SUBVERSION\NETLIB\DEPS\RAKNET\LIB\LIBSTATIC\X64\DEBUG\NATPUNCHTHROUGHCLIENT.OBJ
D:\SUBVERSION\NETLIB\DEPS\RAKNET\LIB\LIBSTATIC\X64\DEBUG\NATPUNCHTHROUGHSERVER.OBJ
D:\SUBVERSION\NETLIB\DEPS\RAKNET\LIB\LIBSTATIC\X64\DEBUG\NATTYPEDETECTIONCLIENT.OBJ
D:\SUBVERSION\NETLIB\DEPS\RAKNET\LIB\LIBSTATIC\X64\DEBUG\NATTYPEDETECTIONCOMMON.OBJ
D:\SUBVERSION\NETLIB\DEPS\RAKNET\LIB\LIBSTATIC\X64\DEBUG\NATTYPEDETECTIONSERVER.OBJ
D:\SUBVERSION\NETLIB\DEPS\RAKNET\LIB\LIBSTATIC\X64\DEBUG\NETWORKIDMANAGER.OBJ
D:\SUBVERSION\NETLIB\DEPS\RAKNET\LIB\LIBSTATIC\X64\DEBUG\NETWORKIDOBJECT.OBJ
D:\SUBVERSION\NETLIB\DEPS\RAKNET\LIB\LIBSTATIC\X64\DEBUG\PACKETCONSOLELOGGER.OBJ
D:\SUBVERSION\NETLIB\DEPS\RAKNET\LIB\LIBSTATIC\X64\DEBUG\PACKETFILELOGGER.OBJ
D:\SUBVERSION\NETLIB\DEPS\RAKNET\LIB\LIBSTATIC\X64\DEBUG\PACKETIZEDTCP.OBJ
D:\SUBVERSION\NETLIB\DEPS\RAKNET\LIB\LIBSTATIC\X64\DEBUG\PACKETLOGGER.OBJ
D:\SUBVERSION\NETLIB\DEPS\RAKNET\LIB\LIBSTATIC\X64\DEBUG\PACKETOUTPUTWINDOWLOGGER.OBJ
D:\SUBVERSION\NETLIB\DEPS\RAKNET\LIB\LIBSTATIC\X64\DEBUG\PLUGININTERFACE2.OBJ
D:\SUBVERSION\NETLIB\DEPS\RAKNET\LIB\LIBSTATIC\X64\DEBUG\PS4INCLUDES.OBJ
D:\SUBVERSION\NETLIB\DEPS\RAKNET\LIB\LIBSTATIC\X64\DEBUG\RACKSPACE.OBJ
D:\SUBVERSION\NETLIB\DEPS\RAKNET\LIB\LIBSTATIC\X64\DEBUG\RAKMEMORYOVERRIDE.OBJ
D:\SUBVERSION\NETLIB\DEPS\RAKNET\LIB\LIBSTATIC\X64\DEBUG\RAKNETCOMMANDPARSER.OBJ
D:\SUBVERSION\NETLIB\DEPS\RAKNET\LIB\LIBSTATIC\X64\DEBUG\RAKNETSOCKET.OBJ
D:\SUBVERSION\NETLIB\DEPS\RAKNET\LIB\LIBSTATIC\X64\DEBUG\RAKNETSOCKET2.OBJ
D:\SUBVERSION\NETLIB\DEPS\RAKNET\LIB\LIBSTATIC\X64\DEBUG\RAKNETSOCKET2_360_720.OBJ
D:\SUBVERSION\NETLIB\DEPS\RAKNET\LIB\LIBSTATIC\X64\DEBUG\RAKNETSOCKET2_BERKLEY.OBJ
D:\SUBVERSION\NETLIB\DEPS\RAKNET\LIB\LIBSTATIC\X64\DEBUG\RAKNETSOCKET2_BERKLEY_NATIVECLIENT.OBJ
D:\SUBVERSION\NETLIB\DEPS\RAKNET\LIB\LIBSTATIC\X64\DEBUG\RAKNETSOCKET2_NATIVECLIENT.OBJ
D:\SUBVERSION\NETLIB\DEPS\RAKNET\LIB\LIBSTATIC\X64\DEBUG\RAKNETSOCKET2_PS3_PS4.OBJ
D:\SUBVERSION\NETLIB\DEPS\RAKNET\LIB\LIBSTATIC\X64\DEBUG\RAKNETSOCKET2_PS4.OBJ
D:\SUBVERSION\NETLIB\DEPS\RAKNET\LIB\LIBSTATIC\X64\DEBUG\RAKNETSOCKET2_VITA.OBJ
D:\SUBVERSION\NETLIB\DEPS\RAKNET\LIB\LIBSTATIC\X64\DEBUG\RAKNETSOCKET2_WINDOWS_LINUX.OBJ
D:\SUBVERSION\NETLIB\DEPS\RAKNET\LIB\LIBSTATIC\X64\DEBUG\RAKNETSOCKET2_WINDOWS_LINUX_360.OBJ
D:\SUBVERSION\NETLIB\DEPS\RAKNET\LIB\LIBSTATIC\X64\DEBUG\RAKNETSOCKET2_WINDOWSSTORE8.OBJ
D:\SUBVERSION\NETLIB\DEPS\RAKNET\LIB\LIBSTATIC\X64\DEBUG\RAKNETSTATISTICS.OBJ
D:\SUBVERSION\NETLIB\DEPS\RAKNET\LIB\LIBSTATIC\X64\DEBUG\RAKNETTRANSPORT2.OBJ
D:\SUBVERSION\NETLIB\DEPS\RAKNET\LIB\LIBSTATIC\X64\DEBUG\RAKNETTYPES.OBJ
D:\SUBVERSION\NETLIB\DEPS\RAKNET\LIB\LIBSTATIC\X64\DEBUG\RAKPEER.OBJ
D:\SUBVERSION\NETLIB\DEPS\RAKNET\LIB\LIBSTATIC\X64\DEBUG\RAKSLEEP.OBJ
D:\SUBVERSION\NETLIB\DEPS\RAKNET\LIB\LIBSTATIC\X64\DEBUG\RAKSTRING.OBJ
D:\SUBVERSION\NETLIB\DEPS\RAKNET\LIB\LIBSTATIC\X64\DEBUG\RAKTHREAD.OBJ
D:\SUBVERSION\NETLIB\DEPS\RAKNET\LIB\LIBSTATIC\X64\DEBUG\RAKWSTRING.OBJ
D:\SUBVERSION\NETLIB\DEPS\RAKNET\LIB\LIBSTATIC\X64\DEBUG\RAND.OBJ
D:\SUBVERSION\NETLIB\DEPS\RAKNET\LIB\LIBSTATIC\X64\DEBUG\RANDSYNC.OBJ
D:\SUBVERSION\NETLIB\DEPS\RAKNET\LIB\LIBSTATIC\X64\DEBUG\READYEVENT.OBJ
D:\SUBVERSION\NETLIB\DEPS\RAKNET\LIB\LIBSTATIC\X64\DEBUG\RELAYPLUGIN.OBJ
D:\SUBVERSION\NETLIB\DEPS\RAKNET\LIB\LIBSTATIC\X64\DEBUG\RELIABILITYLAYER.OBJ
D:\SUBVERSION\NETLIB\DEPS\RAKNET\LIB\LIBSTATIC\X64\DEBUG\REPLICAMANAGER3.OBJ
D:\SUBVERSION\NETLIB\DEPS\RAKNET\LIB\LIBSTATIC\X64\DEBUG\ROUTER2.OBJ
D:\SUBVERSION\NETLIB\DEPS\RAKNET\LIB\LIBSTATIC\X64\DEBUG\RPC4PLUGIN.OBJ
D:\SUBVERSION\NETLIB\DEPS\RAKNET\LIB\LIBSTATIC\X64\DEBUG\SECUREHANDSHAKE.OBJ
D:\SUBVERSION\NETLIB\DEPS\RAKNET\LIB\LIBSTATIC\X64\DEBUG\SENDTOTHREAD.OBJ
D:\SUBVERSION\NETLIB\DEPS\RAKNET\LIB\LIBSTATIC\X64\DEBUG\SIGNALEDEVENT.OBJ
D:\SUBVERSION\NETLIB\DEPS\RAKNET\LIB\LIBSTATIC\X64\DEBUG\SIMPLEMUTEX.OBJ
D:\SUBVERSION\NETLIB\DEPS\RAKNET\LIB\LIBSTATIC\X64\DEBUG\SOCKETLAYER.OBJ
D:\SUBVERSION\NETLIB\DEPS\RAKNET\LIB\LIBSTATIC\X64\DEBUG\STATISTICSHISTORY.OBJ
D:\SUBVERSION\NETLIB\DEPS\RAKNET\LIB\LIBSTATIC\X64\DEBUG\STRINGCOMPRESSOR.OBJ
D:\SUBVERSION\NETLIB\DEPS\RAKNET\LIB\LIBSTATIC\X64\DEBUG\STRINGTABLE.OBJ
D:\SUBVERSION\NETLIB\DEPS\RAKNET\LIB\LIBSTATIC\X64\DEBUG\SUPERFASTHASH.OBJ
D:\SUBVERSION\NETLIB\DEPS\RAKNET\LIB\LIBSTATIC\X64\DEBUG\TABLESERIALIZER.OBJ
D:\SUBVERSION\NETLIB\DEPS\RAKNET\LIB\LIBSTATIC\X64\DEBUG\TCPINTERFACE.OBJ
D:\SUBVERSION\NETLIB\DEPS\RAKNET\LIB\LIBSTATIC\X64\DEBUG\TEAMBALANCER.OBJ
D:\SUBVERSION\NETLIB\DEPS\RAKNET\LIB\LIBSTATIC\X64\DEBUG\TEAMMANAGER.OBJ
D:\SUBVERSION\NETLIB\DEPS\RAKNET\LIB\LIBSTATIC\X64\DEBUG\TELNETTRANSPORT.OBJ
D:\SUBVERSION\NETLIB\DEPS\RAKNET\LIB\LIBSTATIC\X64\DEBUG\THREADSAFEPACKETLOGGER.OBJ
D:\SUBVERSION\NETLIB\DEPS\RAKNET\LIB\LIBSTATIC\X64\DEBUG\TWOWAYAUTHENTICATION.OBJ
D:\SUBVERSION\NETLIB\DEPS\RAKNET\LIB\LIBSTATIC\X64\DEBUG\UDPFORWARDER.OBJ
D:\SUBVERSION\NETLIB\DEPS\RAKNET\LIB\LIBSTATIC\X64\DEBUG\UDPPROXYCLIENT.OBJ
D:\SUBVERSION\NETLIB\DEPS\RAKNET\LIB\LIBSTATIC\X64\DEBUG\UDPPROXYCOORDINATOR.OBJ
D:\SUBVERSION\NETLIB\DEPS\RAKNET\LIB\LIBSTATIC\X64\DEBUG\UDPPROXYSERVER.OBJ
D:\SUBVERSION\NETLIB\DEPS\RAKNET\LIB\LIBSTATIC\X64\DEBUG\VARIABLEDELTASERIALIZER.OBJ
D:\SUBVERSION\NETLIB\DEPS\RAKNET\LIB\LIBSTATIC\X64\DEBUG\VARIABLELISTDELTATRACKER.OBJ
D:\SUBVERSION\NETLIB\DEPS\RAKNET\LIB\LIBSTATIC\X64\DEBUG\VARIADICSQLPARSER.OBJ
D:\SUBVERSION\NETLIB\DEPS\RAKNET\LIB\LIBSTATIC\X64\DEBUG\VITAINCLUDES.OBJ
D:\SUBVERSION\NETLIB\DEPS\RAKNET\LIB\LIBSTATIC\X64\DEBUG\WSASTARTUPSINGLETON.OBJ
D:\SUBVERSION\NETLIB\DEPS\RAKNET\LIB\X64\RAKNET_VS2008_LIBSTATIC_DEBUG_X64.LIB
D:\SUBVERSION\NETLIB\DEPS\RAKNET\LIB\X64\RAKNET_VS2008_LIBSTATIC_DEBUG_X64.PDB
