生成启动时间为 2014/8/27 21:42:34。
     1>项目“D:\Subversion\BasicLib.git\trunks\Tools\src\GenProtobufFiles\GenProtobufFiles.vcxproj”在节点 2 上(build 个目标)。
     1>C:\Program Files (x86)\MSBuild\Microsoft.Cpp\v4.0\Microsoft.CppBuild.targets(299,5): warning MSB8004: Output 目录未以斜杠结尾。此生成实例将添加斜杠，因为必须有这个斜杠才能正确计算 Output 目录。
     1>InitializeBuildStatus:
         正在对“x64\LibDebug\GenProtobufFiles.unsuccessfulbuild”执行 Touch 任务。
       ClCompile:
         D:\Program Files (x86)\Microsoft Visual Studio 10.0\VC\bin\x86_amd64\CL.exe /c /ID:\Subversion\BasicLib.git\trunks\vsproject\..\Common /ID:\Subversion\BasicLib.git\trunks\vsproject\..\deps\protobuf\src /ID:\Subversion\BasicLib.git\trunks\vsproject\..\tools\src\GenProtobufFiles\src /Zi /nologo /W3 /WX- /Od /D WIN32 /D _DEBUG /D _CONSOLE /D _WIN32 /D _MBCS /Gm /EHsc /RTC1 /MDd /GS /fp:precise /Zc:wchar_t /Zc:forScope /Fo"x64\LibDebug\\" /Fd"x64\LibDebug\vc100.pdb" /Gd /TP /errorReport:prompt GenProtobufFiles.cpp src\GenerateCpp.cpp src\GenerateHelper.cpp src\GenerateManager.cpp src\tokenizer.cpp
         tokenizer.cpp
     1>c1xx : fatal error C1083: 无法打开源文件:“src\tokenizer.cpp”: No such file or directory
         GenerateManager.cpp
     1>c1xx : fatal error C1083: 无法打开源文件:“src\GenerateManager.cpp”: No such file or directory
         GenerateHelper.cpp
     1>c1xx : fatal error C1083: 无法打开源文件:“src\GenerateHelper.cpp”: No such file or directory
         GenerateCpp.cpp
     1>c1xx : fatal error C1083: 无法打开源文件:“src\GenerateCpp.cpp”: No such file or directory
         GenProtobufFiles.cpp
     1>GenProtobufFiles.cpp(7): fatal error C1083: 无法打开包括文件:“GenerateHelper.h”: No such file or directory
         Generating Code...
     1>已完成生成项目“D:\Subversion\BasicLib.git\trunks\Tools\src\GenProtobufFiles\GenProtobufFiles.vcxproj”(build 个目标)的操作 - 失败。

生成失败。

已用时间 00:00:00.82
