生成启动时间为 2014/8/27 21:49:42。
     1>项目“D:\Subversion\BasicLib.git\trunks\Tools\src\GenProtobufFiles\GenProtobufFiles.vcxproj”在节点 2 上(build 个目标)。
     1>C:\Program Files (x86)\MSBuild\Microsoft.Cpp\v4.0\Microsoft.CppBuild.targets(299,5): warning MSB8004: Output 目录未以斜杠结尾。此生成实例将添加斜杠，因为必须有这个斜杠才能正确计算 Output 目录。
     1>InitializeBuildStatus:
         正在对“LibDebug\GenProtobufFiles.unsuccessfulbuild”执行 Touch 任务。
       ClCompile:
         D:\Program Files (x86)\Microsoft Visual Studio 10.0\VC\bin\CL.exe /c /ID:\Subversion\BasicLib.git\trunks\vsproject\..\Common /ID:\Subversion\BasicLib.git\trunks\vsproject\..\deps\protobuf\src /ID:\Subversion\BasicLib.git\trunks\vsproject\..\tools\src\GenProtobufFiles\src /ZI /nologo /W3 /WX- /Od /Oy- /D WIN32 /D _DEBUG /D _CONSOLE /D _WIN32 /D _MBCS /Gm /EHsc /RTC1 /MDd /GS /fp:precise /Zc:wchar_t /Zc:forScope /Fo"LibDebug\\" /Fd"LibDebug\vc100.pdb" /Gd /TP /analyze- /errorReport:prompt GenProtobufFiles.cpp src\GenerateCpp.cpp src\GenerateHelper.cpp
         GenerateHelper.cpp
     1>d:\subversion\basiclib.git\trunks\tools\src\genprotobuffiles\src\generatehelper.cpp(30): warning C4996: 'sprintf': This function or variable may be unsafe. Consider using sprintf_s instead. To disable deprecation, use _CRT_SECURE_NO_WARNINGS. See online help for details.
                 d:\program files (x86)\microsoft visual studio 10.0\vc\include\stdio.h(371) : 参见“sprintf”的声明
     1>d:\subversion\basiclib.git\trunks\tools\src\genprotobuffiles\src\generatehelper.cpp(147): warning C4996: 'access': The POSIX name for this item is deprecated. Instead, use the ISO C++ conformant name: _access. See online help for details.
                 d:\program files (x86)\microsoft visual studio 10.0\vc\include\io.h(299) : 参见“access”的声明
         GenerateCpp.cpp
     1>d:\subversion\basiclib.git\trunks\tools\src\genprotobuffiles\src\generatecpp.cpp(110): warning C4996: 'sprintf': This function or variable may be unsafe. Consider using sprintf_s instead. To disable deprecation, use _CRT_SECURE_NO_WARNINGS. See online help for details.
                 d:\program files (x86)\microsoft visual studio 10.0\vc\include\stdio.h(371) : 参见“sprintf”的声明
     1>d:\subversion\basiclib.git\trunks\tools\src\genprotobuffiles\src\generatecpp.cpp(180): warning C4996: 'sprintf': This function or variable may be unsafe. Consider using sprintf_s instead. To disable deprecation, use _CRT_SECURE_NO_WARNINGS. See online help for details.
                 d:\program files (x86)\microsoft visual studio 10.0\vc\include\stdio.h(371) : 参见“sprintf”的声明
     1>d:\subversion\basiclib.git\trunks\tools\src\genprotobuffiles\src\generatecpp.cpp(276): warning C4996: 'sprintf': This function or variable may be unsafe. Consider using sprintf_s instead. To disable deprecation, use _CRT_SECURE_NO_WARNINGS. See online help for details.
                 d:\program files (x86)\microsoft visual studio 10.0\vc\include\stdio.h(371) : 参见“sprintf”的声明
     1>d:\subversion\basiclib.git\trunks\tools\src\genprotobuffiles\src\generatecpp.cpp(358): warning C4996: 'sprintf': This function or variable may be unsafe. Consider using sprintf_s instead. To disable deprecation, use _CRT_SECURE_NO_WARNINGS. See online help for details.
                 d:\program files (x86)\microsoft visual studio 10.0\vc\include\stdio.h(371) : 参见“sprintf”的声明
         GenProtobufFiles.cpp
         正在生成代码...
       ManifestResourceCompile:
         C:\Program Files (x86)\Microsoft SDKs\Windows\v7.0A\bin\rc.exe /nologo /fo"LibDebug\GenProtobufFiles.exe.embed.manifest.res" LibDebug\GenProtobufFiles_manifest.rc 
       Link:
         D:\Program Files (x86)\Microsoft Visual Studio 10.0\VC\bin\link.exe /ERRORREPORT:PROMPT /OUT:"D:\Subversion\BasicLib.git\trunks\vsproject\../configs/msg\GenProtobufFiles.exe" /INCREMENTAL /NOLOGO /LIBPATH:D:\Subversion\BasicLib.git\trunks\vsproject\../deps/protobuf/vsprojects/debug/x32 libprotobuf.lib kernel32.lib user32.lib gdi32.lib winspool.lib comdlg32.lib advapi32.lib shell32.lib ole32.lib oleaut32.lib uuid.lib odbc32.lib odbccp32.lib /MANIFEST /ManifestFile:"LibDebug\GenProtobufFiles.exe.intermediate.manifest" /MANIFESTUAC:"level='asInvoker' uiAccess='false'" /DEBUG /PDB:"D:\Subversion\BasicLib.git\trunks\configs\msg\GenProtobufFiles.pdb" /SUBSYSTEM:CONSOLE /TLBID:1 /DYNAMICBASE /NXCOMPAT /IMPLIB:"D:\Subversion\BasicLib.git\trunks\vsproject\../configs/msg\GenProtobufFiles.lib" /MACHINE:X86 LibDebug\GenProtobufFiles.exe.embed.manifest.res
         LibDebug\options.pb.obj
         LibDebug\GenProtobufFiles.obj
         LibDebug\GenerateCpp.obj
         LibDebug\GenerateHelper.obj
         LibDebug\GenerateManager.obj
         LibDebug\tokenizer.obj
         LibDebug\stdafx.obj
       Manifest:
         C:\Program Files (x86)\Microsoft SDKs\Windows\v7.0A\bin\mt.exe /nologo /verbose /out:"LibDebug\GenProtobufFiles.exe.embed.manifest" /manifest LibDebug\GenProtobufFiles.exe.intermediate.manifest
         C:\Program Files (x86)\Microsoft SDKs\Windows\v7.0A\bin\rc.exe /nologo /fo"LibDebug\GenProtobufFiles.exe.embed.manifest.res" LibDebug\GenProtobufFiles_manifest.rc 
       LinkEmbedManifest:
         D:\Program Files (x86)\Microsoft Visual Studio 10.0\VC\bin\link.exe /ERRORREPORT:PROMPT /OUT:"D:\Subversion\BasicLib.git\trunks\vsproject\../configs/msg\GenProtobufFiles.exe" /INCREMENTAL /NOLOGO /LIBPATH:D:\Subversion\BasicLib.git\trunks\vsproject\../deps/protobuf/vsprojects/debug/x32 libprotobuf.lib kernel32.lib user32.lib gdi32.lib winspool.lib comdlg32.lib advapi32.lib shell32.lib ole32.lib oleaut32.lib uuid.lib odbc32.lib odbccp32.lib /MANIFEST /ManifestFile:"LibDebug\GenProtobufFiles.exe.intermediate.manifest" /MANIFESTUAC:"level='asInvoker' uiAccess='false'" /DEBUG /PDB:"D:\Subversion\BasicLib.git\trunks\configs\msg\GenProtobufFiles.pdb" /SUBSYSTEM:CONSOLE /TLBID:1 /DYNAMICBASE /NXCOMPAT /IMPLIB:"D:\Subversion\BasicLib.git\trunks\vsproject\../configs/msg\GenProtobufFiles.lib" /MACHINE:X86 LibDebug\GenProtobufFiles.exe.embed.manifest.res
         LibDebug\options.pb.obj
         LibDebug\GenProtobufFiles.obj
         LibDebug\GenerateCpp.obj
         LibDebug\GenerateHelper.obj
         LibDebug\GenerateManager.obj
         LibDebug\tokenizer.obj
         LibDebug\stdafx.obj
         GenProtobufFiles.vcxproj -> D:\Subversion\BasicLib.git\trunks\vsproject\../configs/msg\GenProtobufFiles.exe
       FinalizeBuildStatus:
         正在删除文件“LibDebug\GenProtobufFiles.unsuccessfulbuild”。
         正在对“LibDebug\GenProtobufFiles.lastbuildstate”执行 Touch 任务。
     1>已完成生成项目“D:\Subversion\BasicLib.git\trunks\Tools\src\GenProtobufFiles\GenProtobufFiles.vcxproj”(build 个目标)的操作。

生成成功。

已用时间 00:00:08.12
